<?xml version="1.0" encoding="utf-8"?>
<shfbBuild product="Sandcastle Help File Builder and Tools" version="2022.2.6.0" projectFile="C:\docAtelier3\Mediatek86.shfbproj" started="16/03/2022 16:05:46">
<buildStep step="Initializing">
Finding tools...
The Sandcastle tools are located in &#39;C:\Program Files (x86)\EWSoftware\Sandcastle Help File Builder&#39;
Locating components in the following folder(s):
    C:\docAtelier3
    C:\ProgramData\EWSoftware\Sandcastle Help File Builder\Components and Plug-Ins
    C:\Program Files (x86)\EWSoftware\Sandcastle Help File Builder\Components
Using framework reflection data for &#39;.NET Framework 4.7.2&#39; located in &#39;C:\Program Files (x86)\EWSoftware\Sandcastle Help File Builder\Data\.NETFramework&#39;
Using presentation style &#39;VS2013&#39; located in &#39;C:\Program Files (x86)\EWSoftware\Sandcastle Help File Builder\Components\VS2013&#39;
Loading and initializing plug-ins...
Lightweight Website Style Version 2022.2.6.0
Copyright &#169; 2006-2022, Eric Woodruff, All Rights Reserved
Portions Copyright &#169; 2014, Sam Harwell, All Rights Reserved
-------------------------------
Clearing any prior web/markdown output...
</buildStep>
<buildStep step="ValidatingDocumentationSources">
Validating and copying documentation source information
Source: C:\Users\carlf\source\repos\Mediatek86gestion\bin\Debug\Mediatek86.xml
Source: C:\Users\carlf\source\repos\Mediatek86gestion\bin\Debug\Mediatek86.exe
    Found assembly &#39;C:\Users\carlf\source\repos\Mediatek86gestion\bin\Debug\Mediatek86.exe&#39;

Copying XML comments files
    C:\Users\carlf\source\repos\Mediatek86gestion\bin\Debug\Mediatek86.xml -&gt; C:\docAtelier3\Help\Working\Mediatek86.xml
</buildStep>
<buildStep step="GenerateSharedContent">
Generating shared content files (en-US, English (United States))...
<plugIn name="Lightweight Website Style" behavior="After" priority="1000">
</plugIn>    Last step completed in 00:00:00.0090
</buildStep>
<buildStep step="GenerateApiFilter">
Generating API filter for MRefBuilder...
    Last step completed in 00:00:00.0230
</buildStep>
<buildStep step="GenerateReflectionInfo">
Generating reflection information...
[C:\Program Files (x86)\Microsoft Visual Studio\2019\Enterprise\MSBuild\Current\Bin\MSBuild.exe - GenerateRefInfo-1a9bd520-5074-4c26-b9c7-5796347e1990.proj]
Build started 16/03/2022 16:05:48.
Project &quot;C:\docAtelier3\Help\Working\GenerateRefInfo-1a9bd520-5074-4c26-b9c7-5796347e1990.proj&quot; on node 1 (default targets).
PrepareForBuild:
  Creating directory &quot;obj\Debug\&quot;.
GenerateBindingRedirects:
  No suggested binding redirects from ResolveAssemblyReferences.
GenerateRefInfo:
  Microsoft.Build (v16.11.2+f3225964253d565862806752e54a7608191a9035)
  &#184; Microsoft Corporation. All rights reserved.
  No source code context base path specified.  Source context information is unavailable.
  Loaded 1 assemblies for reflection and 1 dependency assemblies.
  Wrote information on 5 namespaces, 23 types, and 135 members
  Merging duplicate type and member information
  Merged 0 duplicate type(s) and 0 duplicate member(s)
Done Building Project &quot;C:\docAtelier3\Help\Working\GenerateRefInfo-1a9bd520-5074-4c26-b9c7-5796347e1990.proj&quot; (default targets).
    Last step completed in 00:00:01.4097
</buildStep>
<buildStep step="ApplyDocumentModel">
Applying document model to reflection output...
    Last step completed in 00:00:00.2364
</buildStep>
<buildStep step="AddApiTopicFilenames">
Adding topic filenames to API members...
    Last step completed in 00:00:00.3458
</buildStep>
<buildStep step="GenerateApiTopicManifest">
Generating API topic manifest...
    Last step completed in 00:00:00.2352
</buildStep>
<buildStep step="GenerateNamespaceSummaries">
Generating namespace summary information...
    Last step completed in 00:00:00.0791
</buildStep>
<buildStep step="CopyAdditionalContent">
Copying additional content files...
No additional content to copy
    Last step completed in 00:00:00.0000
</buildStep>
<buildStep step="MergeTablesOfContents">
Merging conceptual and additional tables of contents...
    Last step completed in 00:00:00.0003
</buildStep>
<buildStep step="GenerateIntermediateTableOfContents">
Generating intermediate table of contents file for API content...
Generating conceptual content intermediate TOC file...
    Last step completed in 00:00:00.0875
</buildStep>
<buildStep step="CreateBuildAssemblerConfigs">
Creating Sandcastle configuration files...
    sandcastle.config
    Last step completed in 00:00:00.3064
</buildStep>
<buildStep step="MergeCustomConfigs">
Merging custom build component configurations
C:\docAtelier3\Help\Working\sandcastle.config
  Updating reference topic configurations.
  No conceptual content.  Removing conceptual content components.
    Last step completed in 00:00:00.0580
</buildStep>
<buildStep step="BuildTopics">
Building help topics...
[C:\Program Files (x86)\Microsoft Visual Studio\2019\Enterprise\MSBuild\Current\Bin\MSBuild.exe - BuildTopics.proj]
Build started 16/03/2022 16:05:50.
Project &quot;C:\docAtelier3\Help\Working\BuildTopics.proj&quot; on node 1 (default targets).
BuildTopics:
  Microsoft.Build (v16.11.2+f3225964253d565862806752e54a7608191a9035)
  &#184; Microsoft Corporation. All rights reserved.
  Loading configuration...
  Processing topics...
  Processed 214 topic(s)
  CopyFromIndexComponent: &quot;reflection&quot; in-memory cache entries used: 4 of 15.
  CopyFromIndexComponent: &quot;comments&quot; in-memory cache entries used: 4 of 30.
Done Building Project &quot;C:\docAtelier3\Help\Working\BuildTopics.proj&quot; (default targets).
    Last step completed in 00:00:16.1883
</buildStep>
<buildStep step="CombiningIntermediateTocFiles">
Combining conceptual and API intermediate TOC files...
    Last step completed in 00:00:00.0020
</buildStep>
<buildStep step="ExtractingHtmlInfo">
Extracting HTML info for HTML Help 1 and/or website...
[C:\Program Files (x86)\Microsoft Visual Studio\2019\Enterprise\MSBuild\Current\Bin\MSBuild.exe - ExtractHtmlInfo.proj]
    Last step completed in 00:00:00.4292
</buildStep>
<buildStep step="CopyStandardHelpContent">
Copying standard help content...
C:\Program Files (x86)\EWSoftware\Sandcastle Help File Builder\Components\VS2013\icons\AlertCaution.png -&gt; C:\docAtelier3\Help\Working\Output\Website\icons\AlertCaution.png
C:\Program Files (x86)\EWSoftware\Sandcastle Help File Builder\Components\VS2013\icons\AlertNote.png -&gt; C:\docAtelier3\Help\Working\Output\Website\icons\AlertNote.png
C:\Program Files (x86)\EWSoftware\Sandcastle Help File Builder\Components\VS2013\icons\AlertSecurity.png -&gt; C:\docAtelier3\Help\Working\Output\Website\icons\AlertSecurity.png
C:\Program Files (x86)\EWSoftware\Sandcastle Help File Builder\Components\VS2013\icons\CFW.gif -&gt; C:\docAtelier3\Help\Working\Output\Website\icons\CFW.gif
C:\Program Files (x86)\EWSoftware\Sandcastle Help File Builder\Components\VS2013\icons\CodeExample.png -&gt; C:\docAtelier3\Help\Working\Output\Website\icons\CodeExample.png
C:\Program Files (x86)\EWSoftware\Sandcastle Help File Builder\Components\VS2013\icons\favicon.ico -&gt; C:\docAtelier3\Help\Working\Output\Website\icons\favicon.ico
C:\Program Files (x86)\EWSoftware\Sandcastle Help File Builder\Components\VS2013\icons\privclass.gif -&gt; C:\docAtelier3\Help\Working\Output\Website\icons\privclass.gif
C:\Program Files (x86)\EWSoftware\Sandcastle Help File Builder\Components\VS2013\icons\privdelegate.gif -&gt; C:\docAtelier3\Help\Working\Output\Website\icons\privdelegate.gif
C:\Program Files (x86)\EWSoftware\Sandcastle Help File Builder\Components\VS2013\icons\privenumeration.gif -&gt; C:\docAtelier3\Help\Working\Output\Website\icons\privenumeration.gif
C:\Program Files (x86)\EWSoftware\Sandcastle Help File Builder\Components\VS2013\icons\privevent.gif -&gt; C:\docAtelier3\Help\Working\Output\Website\icons\privevent.gif
C:\Program Files (x86)\EWSoftware\Sandcastle Help File Builder\Components\VS2013\icons\privextension.gif -&gt; C:\docAtelier3\Help\Working\Output\Website\icons\privextension.gif
C:\Program Files (x86)\EWSoftware\Sandcastle Help File Builder\Components\VS2013\icons\privfield.gif -&gt; C:\docAtelier3\Help\Working\Output\Website\icons\privfield.gif
C:\Program Files (x86)\EWSoftware\Sandcastle Help File Builder\Components\VS2013\icons\privinterface.gif -&gt; C:\docAtelier3\Help\Working\Output\Website\icons\privinterface.gif
C:\Program Files (x86)\EWSoftware\Sandcastle Help File Builder\Components\VS2013\icons\privmethod.gif -&gt; C:\docAtelier3\Help\Working\Output\Website\icons\privmethod.gif
C:\Program Files (x86)\EWSoftware\Sandcastle Help File Builder\Components\VS2013\icons\privproperty.gif -&gt; C:\docAtelier3\Help\Working\Output\Website\icons\privproperty.gif
C:\Program Files (x86)\EWSoftware\Sandcastle Help File Builder\Components\VS2013\icons\privstructure.gif -&gt; C:\docAtelier3\Help\Working\Output\Website\icons\privstructure.gif
C:\Program Files (x86)\EWSoftware\Sandcastle Help File Builder\Components\VS2013\icons\protclass.gif -&gt; C:\docAtelier3\Help\Working\Output\Website\icons\protclass.gif
C:\Program Files (x86)\EWSoftware\Sandcastle Help File Builder\Components\VS2013\icons\protdelegate.gif -&gt; C:\docAtelier3\Help\Working\Output\Website\icons\protdelegate.gif
C:\Program Files (x86)\EWSoftware\Sandcastle Help File Builder\Components\VS2013\icons\protenumeration.gif -&gt; C:\docAtelier3\Help\Working\Output\Website\icons\protenumeration.gif
C:\Program Files (x86)\EWSoftware\Sandcastle Help File Builder\Components\VS2013\icons\protevent.gif -&gt; C:\docAtelier3\Help\Working\Output\Website\icons\protevent.gif
C:\Program Files (x86)\EWSoftware\Sandcastle Help File Builder\Components\VS2013\icons\protextension.gif -&gt; C:\docAtelier3\Help\Working\Output\Website\icons\protextension.gif
C:\Program Files (x86)\EWSoftware\Sandcastle Help File Builder\Components\VS2013\icons\protfield.gif -&gt; C:\docAtelier3\Help\Working\Output\Website\icons\protfield.gif
C:\Program Files (x86)\EWSoftware\Sandcastle Help File Builder\Components\VS2013\icons\protinterface.gif -&gt; C:\docAtelier3\Help\Working\Output\Website\icons\protinterface.gif
C:\Program Files (x86)\EWSoftware\Sandcastle Help File Builder\Components\VS2013\icons\protmethod.gif -&gt; C:\docAtelier3\Help\Working\Output\Website\icons\protmethod.gif
C:\Program Files (x86)\EWSoftware\Sandcastle Help File Builder\Components\VS2013\icons\protoperator.gif -&gt; C:\docAtelier3\Help\Working\Output\Website\icons\protoperator.gif
C:\Program Files (x86)\EWSoftware\Sandcastle Help File Builder\Components\VS2013\icons\protproperty.gif -&gt; C:\docAtelier3\Help\Working\Output\Website\icons\protproperty.gif
C:\Program Files (x86)\EWSoftware\Sandcastle Help File Builder\Components\VS2013\icons\protstructure.gif -&gt; C:\docAtelier3\Help\Working\Output\Website\icons\protstructure.gif
C:\Program Files (x86)\EWSoftware\Sandcastle Help File Builder\Components\VS2013\icons\pubclass.gif -&gt; C:\docAtelier3\Help\Working\Output\Website\icons\pubclass.gif
C:\Program Files (x86)\EWSoftware\Sandcastle Help File Builder\Components\VS2013\icons\pubdelegate.gif -&gt; C:\docAtelier3\Help\Working\Output\Website\icons\pubdelegate.gif
C:\Program Files (x86)\EWSoftware\Sandcastle Help File Builder\Components\VS2013\icons\pubenumeration.gif -&gt; C:\docAtelier3\Help\Working\Output\Website\icons\pubenumeration.gif
C:\Program Files (x86)\EWSoftware\Sandcastle Help File Builder\Components\VS2013\icons\pubevent.gif -&gt; C:\docAtelier3\Help\Working\Output\Website\icons\pubevent.gif
C:\Program Files (x86)\EWSoftware\Sandcastle Help File Builder\Components\VS2013\icons\pubextension.gif -&gt; C:\docAtelier3\Help\Working\Output\Website\icons\pubextension.gif
C:\Program Files (x86)\EWSoftware\Sandcastle Help File Builder\Components\VS2013\icons\pubfield.gif -&gt; C:\docAtelier3\Help\Working\Output\Website\icons\pubfield.gif
C:\Program Files (x86)\EWSoftware\Sandcastle Help File Builder\Components\VS2013\icons\pubinterface.gif -&gt; C:\docAtelier3\Help\Working\Output\Website\icons\pubinterface.gif
C:\Program Files (x86)\EWSoftware\Sandcastle Help File Builder\Components\VS2013\icons\pubmethod.gif -&gt; C:\docAtelier3\Help\Working\Output\Website\icons\pubmethod.gif
C:\Program Files (x86)\EWSoftware\Sandcastle Help File Builder\Components\VS2013\icons\puboperator.gif -&gt; C:\docAtelier3\Help\Working\Output\Website\icons\puboperator.gif
C:\Program Files (x86)\EWSoftware\Sandcastle Help File Builder\Components\VS2013\icons\pubproperty.gif -&gt; C:\docAtelier3\Help\Working\Output\Website\icons\pubproperty.gif
C:\Program Files (x86)\EWSoftware\Sandcastle Help File Builder\Components\VS2013\icons\pubstructure.gif -&gt; C:\docAtelier3\Help\Working\Output\Website\icons\pubstructure.gif
C:\Program Files (x86)\EWSoftware\Sandcastle Help File Builder\Components\VS2013\icons\SectionCollapsed.png -&gt; C:\docAtelier3\Help\Working\Output\Website\icons\SectionCollapsed.png
C:\Program Files (x86)\EWSoftware\Sandcastle Help File Builder\Components\VS2013\icons\SectionExpanded.png -&gt; C:\docAtelier3\Help\Working\Output\Website\icons\SectionExpanded.png
C:\Program Files (x86)\EWSoftware\Sandcastle Help File Builder\Components\VS2013\icons\slMobile.gif -&gt; C:\docAtelier3\Help\Working\Output\Website\icons\slMobile.gif
C:\Program Files (x86)\EWSoftware\Sandcastle Help File Builder\Components\VS2013\icons\static.gif -&gt; C:\docAtelier3\Help\Working\Output\Website\icons\static.gif
C:\Program Files (x86)\EWSoftware\Sandcastle Help File Builder\Components\VS2013\icons\xna.gif -&gt; C:\docAtelier3\Help\Working\Output\Website\icons\xna.gif
C:\Program Files (x86)\EWSoftware\Sandcastle Help File Builder\Components\VS2013\scripts\branding.js -&gt; C:\docAtelier3\Help\Working\Output\Website\scripts\branding.js
C:\Program Files (x86)\EWSoftware\Sandcastle Help File Builder\Components\VS2013\styles\branding-cs-CZ.css -&gt; C:\docAtelier3\Help\Working\Output\Website\styles\branding-cs-CZ.css
C:\Program Files (x86)\EWSoftware\Sandcastle Help File Builder\Components\VS2013\styles\branding-de-DE.css -&gt; C:\docAtelier3\Help\Working\Output\Website\styles\branding-de-DE.css
C:\Program Files (x86)\EWSoftware\Sandcastle Help File Builder\Components\VS2013\styles\branding-en-US.css -&gt; C:\docAtelier3\Help\Working\Output\Website\styles\branding-en-US.css
C:\Program Files (x86)\EWSoftware\Sandcastle Help File Builder\Components\VS2013\styles\branding-es-ES.css -&gt; C:\docAtelier3\Help\Working\Output\Website\styles\branding-es-ES.css
C:\Program Files (x86)\EWSoftware\Sandcastle Help File Builder\Components\VS2013\styles\branding-fr-FR.css -&gt; C:\docAtelier3\Help\Working\Output\Website\styles\branding-fr-FR.css
C:\Program Files (x86)\EWSoftware\Sandcastle Help File Builder\Components\VS2013\styles\branding-Help1.css -&gt; C:\docAtelier3\Help\Working\Output\Website\styles\branding-Help1.css
C:\Program Files (x86)\EWSoftware\Sandcastle Help File Builder\Components\VS2013\styles\branding-HelpViewer.css -&gt; C:\docAtelier3\Help\Working\Output\Website\styles\branding-HelpViewer.css
C:\Program Files (x86)\EWSoftware\Sandcastle Help File Builder\Components\VS2013\styles\branding-it-IT.css -&gt; C:\docAtelier3\Help\Working\Output\Website\styles\branding-it-IT.css
C:\Program Files (x86)\EWSoftware\Sandcastle Help File Builder\Components\VS2013\styles\branding-ja-JP.css -&gt; C:\docAtelier3\Help\Working\Output\Website\styles\branding-ja-JP.css
C:\Program Files (x86)\EWSoftware\Sandcastle Help File Builder\Components\VS2013\styles\branding-ko-KR.css -&gt; C:\docAtelier3\Help\Working\Output\Website\styles\branding-ko-KR.css
C:\Program Files (x86)\EWSoftware\Sandcastle Help File Builder\Components\VS2013\styles\branding-pl-PL.css -&gt; C:\docAtelier3\Help\Working\Output\Website\styles\branding-pl-PL.css
C:\Program Files (x86)\EWSoftware\Sandcastle Help File Builder\Components\VS2013\styles\branding-pt-BR.css -&gt; C:\docAtelier3\Help\Working\Output\Website\styles\branding-pt-BR.css
C:\Program Files (x86)\EWSoftware\Sandcastle Help File Builder\Components\VS2013\styles\branding-ru-RU.css -&gt; C:\docAtelier3\Help\Working\Output\Website\styles\branding-ru-RU.css
C:\Program Files (x86)\EWSoftware\Sandcastle Help File Builder\Components\VS2013\styles\branding-tr-TR.css -&gt; C:\docAtelier3\Help\Working\Output\Website\styles\branding-tr-TR.css
C:\Program Files (x86)\EWSoftware\Sandcastle Help File Builder\Components\VS2013\styles\branding-Website.css -&gt; C:\docAtelier3\Help\Working\Output\Website\styles\branding-Website.css
C:\Program Files (x86)\EWSoftware\Sandcastle Help File Builder\Components\VS2013\styles\branding-zh-CN.css -&gt; C:\docAtelier3\Help\Working\Output\Website\styles\branding-zh-CN.css
C:\Program Files (x86)\EWSoftware\Sandcastle Help File Builder\Components\VS2013\styles\branding-zh-TW.css -&gt; C:\docAtelier3\Help\Working\Output\Website\styles\branding-zh-TW.css
C:\Program Files (x86)\EWSoftware\Sandcastle Help File Builder\Components\VS2013\styles\branding.css -&gt; C:\docAtelier3\Help\Working\Output\Website\styles\branding.css
C:\Program Files (x86)\EWSoftware\Sandcastle Help File Builder\Components\VS2013\Web\index.html -&gt; C:\docAtelier3\Help\Working\Output\Website\index.html
C:\Program Files (x86)\EWSoftware\Sandcastle Help File Builder\Components\VS2013\Web\search.html -&gt; C:\docAtelier3\Help\Working\Output\Website\search.html
C:\Program Files (x86)\EWSoftware\Sandcastle Help File Builder\Components\VS2013\Web\SearchHelp.aspx -&gt; C:\docAtelier3\Help\Working\Output\Website\SearchHelp.aspx
C:\Program Files (x86)\EWSoftware\Sandcastle Help File Builder\Components\VS2013\Web\SearchHelp.inc.php -&gt; C:\docAtelier3\Help\Working\Output\Website\SearchHelp.inc.php
C:\Program Files (x86)\EWSoftware\Sandcastle Help File Builder\Components\VS2013\Web\SearchHelp.php -&gt; C:\docAtelier3\Help\Working\Output\Website\SearchHelp.php
C:\Program Files (x86)\EWSoftware\Sandcastle Help File Builder\Components\VS2013\Web\Web.Config -&gt; C:\docAtelier3\Help\Working\Output\Website\Web.Config
C:\Program Files (x86)\EWSoftware\Sandcastle Help File Builder\Components\VS2013\Web\html\GeneralError.htm -&gt; C:\docAtelier3\Help\Working\Output\Website\html\GeneralError.htm
C:\Program Files (x86)\EWSoftware\Sandcastle Help File Builder\Components\VS2013\Web\html\PageNotFound.htm -&gt; C:\docAtelier3\Help\Working\Output\Website\html\PageNotFound.htm
C:\Program Files (x86)\EWSoftware\Sandcastle Help File Builder\Components\VS2013\Web\icons\Search.png -&gt; C:\docAtelier3\Help\Working\Output\Website\icons\Search.png
C:\Program Files (x86)\EWSoftware\Sandcastle Help File Builder\Components\VS2013\Web\icons\TocClose.gif -&gt; C:\docAtelier3\Help\Working\Output\Website\icons\TocClose.gif
C:\Program Files (x86)\EWSoftware\Sandcastle Help File Builder\Components\VS2013\Web\icons\TocCollapsed.gif -&gt; C:\docAtelier3\Help\Working\Output\Website\icons\TocCollapsed.gif
C:\Program Files (x86)\EWSoftware\Sandcastle Help File Builder\Components\VS2013\Web\icons\TocExpanded.gif -&gt; C:\docAtelier3\Help\Working\Output\Website\icons\TocExpanded.gif
C:\Program Files (x86)\EWSoftware\Sandcastle Help File Builder\Components\VS2013\Web\icons\TocOpen.gif -&gt; C:\docAtelier3\Help\Working\Output\Website\icons\TocOpen.gif
C:\Program Files (x86)\EWSoftware\Sandcastle Help File Builder\Components\VS2013\Web\scripts\branding-Website.js -&gt; C:\docAtelier3\Help\Working\Output\Website\scripts\branding-Website.js
C:\Program Files (x86)\EWSoftware\Sandcastle Help File Builder\Components\VS2013\Web\scripts\clipboard.min.js -&gt; C:\docAtelier3\Help\Working\Output\Website\scripts\clipboard.min.js
C:\Program Files (x86)\EWSoftware\Sandcastle Help File Builder\Components\VS2013\Web\scripts\jquery-3.5.1.min.js -&gt; C:\docAtelier3\Help\Working\Output\Website\scripts\jquery-3.5.1.min.js
    Last step completed in 00:00:00.4120
</buildStep>
<buildStep step="GenerateFullTextIndex">
Generating full-text index for the website...

<plugIn name="Lightweight Website Style" behavior="After" priority="1000">
Adding lightweight search and TOC elements to each topic...
</plugIn>    Last step completed in 00:00:02.0275
</buildStep>
<buildStep step="CopyingWebsiteFiles">
Copying website files to output folder...

Copied 373 files for the website content
    Last step completed in 00:00:03.2148
</buildStep>
<buildStep step="CleanIntermediates">
Removing intermediate files...
    Last step completed in 00:00:00.0938
</buildStep>
<buildStep step="Completed">

Build completed successfully at 16/03/2022 16:06:12.  Total time: 00:00:26.0731

</buildStep>
</shfbBuild>
