<?xml version="1.0" encoding="utf-8"?>
<shfbBuild product="Sandcastle Help File Builder and Tools" version="2020.3.6.0" projectFile="C:\Users\carlf\OneDrive\Documents\00 CNED PDF\Atelier 2\Sandcastle Technical Docs\MediaTek86 Documentation Technique.shfbproj" started="03/04/2021 16:09:40">
<buildStep step="Initializing">
Finding tools...
The Sandcastle tools are located in &#39;C:\Program Files (x86)\EWSoftware\Sandcastle Help File Builder\&#39;
Locating components in the following folder(s):
    C:\Users\carlf\OneDrive\Documents\00 CNED PDF\Atelier 2\Sandcastle Technical Docs
    C:\ProgramData\EWSoftware\Sandcastle Help File Builder\Components and Plug-Ins\
    C:\Program Files (x86)\EWSoftware\Sandcastle Help File Builder\
Using framework reflection data for &#39;.NET Framework 4.7.2&#39; located in &#39;C:\Program Files (x86)\EWSoftware\Sandcastle Help File Builder\Data\.NETFramework&#39;
Using presentation style &#39;VS2013&#39; located in &#39;C:\Program Files (x86)\EWSoftware\Sandcastle Help File Builder\PresentationStyles\VS2013&#39;
Loading and initializing plug-ins...
Lightweight Website Style Version 2020.3.6.0
Copyright &#169; 2006-2020, Eric Woodruff, All Rights Reserved
Portions Copyright &#169; 2014, Sam Harwell, All Rights Reserved
-------------------------------
Clearing any prior web/markdown output...
</buildStep>
<buildStep step="ValidatingDocumentationSources">
Validating and copying documentation source information
Source: C:\00_Projects\C#\MediaTek86_V1\MediaTek86\MediaTek86\bin\Debug\MediaTek86.xml
Source: C:\00_Projects\C#\MediaTek86_V1\MediaTek86\MediaTek86\bin\Debug\MediaTek86.exe
    Found assembly &#39;C:\00_Projects\C#\MediaTek86_V1\MediaTek86\MediaTek86\bin\Debug\MediaTek86.exe&#39;

Copying XML comments files
    C:\00_Projects\C#\MediaTek86_V1\MediaTek86\MediaTek86\bin\Debug\MediaTek86.xml -&gt; C:\Users\carlf\OneDrive\Documents\00 CNED PDF\Atelier 2\Sandcastle Technical Docs\Help\Working\MediaTek86.xml
</buildStep>
<buildStep step="GenerateSharedContent">
Generating shared content files (en-US, English (United States))...
<plugIn name="Lightweight Website Style" behavior="After" priority="1000">
</plugIn>    Last step completed in 00:00:00,0160
</buildStep>
<buildStep step="GenerateApiFilter">
Generating API filter for MRefBuilder...
    Last step completed in 00:00:00,0110
</buildStep>
<buildStep step="GenerateReflectionInfo">
Generating reflection information...
[C:\Program Files (x86)\Microsoft Visual Studio\2017\BuildTools\MSBuild\15.0\Bin\MSBuild.exe - GenerateRefInfo.proj]
Build started 03/04/2021 16:09:42.
Project &quot;C:\Users\carlf\OneDrive\Documents\00 CNED PDF\Atelier 2\Sandcastle Technical Docs\Help\Working\GenerateRefInfo.proj&quot; on node 1 (default targets).
PrepareForBuild:
  Creating directory &quot;obj\Debug\&quot;.
GenerateBindingRedirects:
  No suggested binding redirects from ResolveAssemblyReferences.
GenerateRefInfo:
  MRefBuilder (v2020.3.6.0)
  Copyright &#184; 2006-2020, Microsoft Corporation, All Rights Reserved.
  Portions Copyright &#184; 2006-2020, Eric Woodruff, All Rights Reserved.
  No source code context base path specified.  Source context information is unavailable.
  Loaded 1 assemblies for reflection and 1 dependency assemblies.
  Wrote information on 6 namespaces, 14 types, and 188 members
  Copying file from &quot;reflection.org&quot; to &quot;reflection.all&quot;.
  XslTransform (v2020.3.6.0)
  Copyright &#184; 2006-2020, Microsoft Corporation, All Rights Reserved.
  Portions Copyright &#184; 2006-2020, Eric Woodruff, All Rights Reserved.
  Applying XSL transformation &#39;C:\Program Files (x86)\EWSoftware\Sandcastle Help File Builder\ProductionTransforms\MergeDuplicates.xsl&#39;.
Done Building Project &quot;C:\Users\carlf\OneDrive\Documents\00 CNED PDF\Atelier 2\Sandcastle Technical Docs\Help\Working\GenerateRefInfo.proj&quot; (default targets).
    Last step completed in 00:00:01,6019
</buildStep>
<buildStep step="TransformReflectionInfo">
Transforming reflection output...
[C:\Program Files (x86)\Microsoft Visual Studio\2017\BuildTools\MSBuild\15.0\Bin\MSBuild.exe - TransformManifest.proj]
Build started 03/04/2021 16:09:43.
Project &quot;C:\Users\carlf\OneDrive\Documents\00 CNED PDF\Atelier 2\Sandcastle Technical Docs\Help\Working\TransformManifest.proj&quot; on node 1 (default targets).
TransformManifest:
  XslTransform (v2020.3.6.0)
  Copyright &#184; 2006-2020, Microsoft Corporation, All Rights Reserved.
  Portions Copyright &#184; 2006-2020, Eric Woodruff, All Rights Reserved.
  Applying XSL transformation &#39;C:\Program Files (x86)\EWSoftware\Sandcastle Help File Builder\\ProductionTransforms\ApplyVSDocModel.xsl&#39;.
  Copying file from &quot;reflection.xml&quot; to &quot;reflection.nofilenames&quot;.
  XslTransform (v2020.3.6.0)
  Copyright &#184; 2006-2020, Microsoft Corporation, All Rights Reserved.
  Portions Copyright &#184; 2006-2020, Eric Woodruff, All Rights Reserved.
  Applying XSL transformation &#39;C:\Program Files (x86)\EWSoftware\Sandcastle Help File Builder\ProductionTransforms\AddFilenames.xsl&#39;.
  XslTransform (v2020.3.6.0)
  Copyright &#184; 2006-2020, Microsoft Corporation, All Rights Reserved.
  Portions Copyright &#184; 2006-2020, Eric Woodruff, All Rights Reserved.
  Applying XSL transformation &#39;C:\Program Files (x86)\EWSoftware\Sandcastle Help File Builder\ProductionTransforms\ReflectionToManifest.xsl&#39;.
Done Building Project &quot;C:\Users\carlf\OneDrive\Documents\00 CNED PDF\Atelier 2\Sandcastle Technical Docs\Help\Working\TransformManifest.proj&quot; (default targets).
    Last step completed in 00:00:02,1431
</buildStep>
<buildStep step="GenerateNamespaceSummaries">
Generating namespace summary information...
    Last step completed in 00:00:00,0830
</buildStep>
<buildStep step="CopyAdditionalContent">
Copying additional content files...
No additional content to copy
    Last step completed in 00:00:00,0010
</buildStep>
<buildStep step="MergeTablesOfContents">
Merging conceptual and additional tables of contents...
    Last step completed in 00:00:00,0010
</buildStep>
<buildStep step="GenerateIntermediateTableOfContents">
Generating intermediate table of contents file...
[C:\Program Files (x86)\Microsoft Visual Studio\2017\BuildTools\MSBuild\15.0\Bin\MSBuild.exe - GenerateIntermediateTOC.proj]
Build started 03/04/2021 16:09:45.
Project &quot;C:\Users\carlf\OneDrive\Documents\00 CNED PDF\Atelier 2\Sandcastle Technical Docs\Help\Working\GenerateIntermediateTOC.proj&quot; on node 1 (default targets).
GenerateIntermediateTOC:
  XslTransform (v2020.3.6.0)
  Copyright &#184; 2006-2020, Microsoft Corporation, All Rights Reserved.
  Portions Copyright &#184; 2006-2020, Eric Woodruff, All Rights Reserved.
  Applying XSL transformation &#39;C:\Program Files (x86)\EWSoftware\Sandcastle Help File Builder\\ProductionTransforms\CreateVSToc.xsl&#39;.
Done Building Project &quot;C:\Users\carlf\OneDrive\Documents\00 CNED PDF\Atelier 2\Sandcastle Technical Docs\Help\Working\GenerateIntermediateTOC.proj&quot; (default targets).
Generating conceptual content intermediate TOC file...
    Last step completed in 00:00:00,8402
</buildStep>
<buildStep step="CreateBuildAssemblerConfigs">
Creating Sandcastle configuration files...
    sandcastle.config
    Last step completed in 00:00:00,3186
</buildStep>
<buildStep step="MergeCustomConfigs">
Merging custom build component configurations
C:\Users\carlf\OneDrive\Documents\00 CNED PDF\Atelier 2\Sandcastle Technical Docs\Help\Working\sandcastle.config
  Updating reference topic configurations.
  No conceptual content.  Removing conceptual content components.
    Last step completed in 00:00:00,0240
</buildStep>
<buildStep step="BuildTopics">
Building help topics...
[C:\Program Files (x86)\Microsoft Visual Studio\2017\BuildTools\MSBuild\15.0\Bin\MSBuild.exe - BuildTopics.proj]
Build started 03/04/2021 16:09:47.
Project &quot;C:\Users\carlf\OneDrive\Documents\00 CNED PDF\Atelier 2\Sandcastle Technical Docs\Help\Working\BuildTopics.proj&quot; on node 1 (default targets).
BuildTopics:
  BuildAssembler (v2020.3.6.0)
  Copyright &#184; 2006-2020, Microsoft Corporation, All Rights Reserved.
  Portions Copyright &#184; 2006-2020, Eric Woodruff, All Rights Reserved.
  Loading configuration...
  Processing topics...
BuildAssembler : warning : ResolveReferenceLinksComponent: [F:MediaTek86.connexion.ConnexionBDD.command] Unknown reference link target &#39;T:MySqlConnector.MySqlCommand&#39;. [C:\Users\carlf\OneDrive\Documents\00 CNED PDF\Atelier 2\Sandcastle Technical Docs\Help\Working\BuildTopics.proj]
BuildAssembler : warning : ResolveReferenceLinksComponent: [F:MediaTek86.connexion.ConnexionBDD.connection] Unknown reference link target &#39;T:MySqlConnector.MySqlConnection&#39;. [C:\Users\carlf\OneDrive\Documents\00 CNED PDF\Atelier 2\Sandcastle Technical Docs\Help\Working\BuildTopics.proj]
BuildAssembler : warning : ResolveReferenceLinksComponent: [F:MediaTek86.connexion.ConnexionBDD.reader] Unknown reference link target &#39;T:MySqlConnector.MySqlDataReader&#39;. [C:\Users\carlf\OneDrive\Documents\00 CNED PDF\Atelier 2\Sandcastle Technical Docs\Help\Working\BuildTopics.proj]
BuildAssembler : warning : ShowMissingComponent: [M:MediaTek86.controleur.Controle.GetLesAbsences(MediaTek86.modele.Personnel)] Missing &lt;returns&gt; documentation [C:\Users\carlf\OneDrive\Documents\00 CNED PDF\Atelier 2\Sandcastle Technical Docs\Help\Working\BuildTopics.proj]
BuildAssembler : warning : ShowMissingComponent: [M:MediaTek86.controleur.Controle.ModifierPersonnel(MediaTek86.modele.Personnel)] Missing &lt;param name=&quot;personnel&quot;/&gt; documentation [C:\Users\carlf\OneDrive\Documents\00 CNED PDF\Atelier 2\Sandcastle Technical Docs\Help\Working\BuildTopics.proj]
BuildAssembler : warning : ShowMissingComponent: [M:MediaTek86.dal.AccesDonnees.VerifierAuthentification(System.String,System.String)] Missing &lt;returns&gt; documentation [C:\Users\carlf\OneDrive\Documents\00 CNED PDF\Atelier 2\Sandcastle Technical Docs\Help\Working\BuildTopics.proj]
BuildAssembler : warning : ResolveReferenceLinksComponent: [T:MediaTek86.vue.FrmAbsences] Member ID URL not found for target &#39;P:System.ComponentModel.Component.CanRaiseEventsInternal&#39;. [C:\Users\carlf\OneDrive\Documents\00 CNED PDF\Atelier 2\Sandcastle Technical Docs\Help\Working\BuildTopics.proj]
BuildAssembler : warning : ResolveReferenceLinksComponent: [T:MediaTek86.vue.FrmAbsences] Member ID URL not found for target &#39;P:System.Windows.Forms.Control.RenderTransparent&#39;. [C:\Users\carlf\OneDrive\Documents\00 CNED PDF\Atelier 2\Sandcastle Technical Docs\Help\Working\BuildTopics.proj]
BuildAssembler : warning : ResolveReferenceLinksComponent: [T:MediaTek86.vue.FrmAbsences] Member ID URL not found for target &#39;M:System.MarshalByRefObject.__RaceSetServerIdentity(System.Runtime.Remoting.ServerIdentity)&#39;. [C:\Users\carlf\OneDrive\Documents\00 CNED PDF\Atelier 2\Sandcastle Technical Docs\Help\Working\BuildTopics.proj]
BuildAssembler : warning : ResolveReferenceLinksComponent: [T:MediaTek86.vue.FrmAbsences] Member ID URL not found for target &#39;M:System.MarshalByRefObject.__ResetServerIdentity&#39;. [C:\Users\carlf\OneDrive\Documents\00 CNED PDF\Atelier 2\Sandcastle Technical Docs\Help\Working\BuildTopics.proj]
BuildAssembler : warning : ResolveReferenceLinksComponent: [T:MediaTek86.vue.FrmAbsences] Member ID URL not found for target &#39;M:System.MarshalByRefObject.CanCastToXmlType(System.String,System.String)&#39;. [C:\Users\carlf\OneDrive\Documents\00 CNED PDF\Atelier 2\Sandcastle Technical Docs\Help\Working\BuildTopics.proj]
BuildAssembler : warning : ResolveReferenceLinksComponent: [T:MediaTek86.vue.FrmAbsences] Member ID URL not found for target &#39;M:System.MarshalByRefObject.GetComIUnknown(System.Boolean)&#39;. [C:\Users\carlf\OneDrive\Documents\00 CNED PDF\Atelier 2\Sandcastle Technical Docs\Help\Working\BuildTopics.proj]
BuildAssembler : warning : ResolveReferenceLinksComponent: [T:MediaTek86.vue.FrmAbsences] Member ID URL not found for target &#39;M:System.MarshalByRefObject.InvokeMember(System.String,System.Reflection.BindingFlags,System.Reflection.Binder,System.Object[],System.Reflection.ParameterModifier[],System.Globalization.CultureInfo,System.String[])&#39;. [C:\Users\carlf\OneDrive\Documents\00 CNED PDF\Atelier 2\Sandcastle Technical Docs\Help\Working\BuildTopics.proj]
BuildAssembler : warning : ResolveReferenceLinksComponent: [T:MediaTek86.vue.FrmAbsences] Member ID URL not found for target &#39;M:System.MarshalByRefObject.IsInstanceOfType(System.Type)&#39;. [C:\Users\carlf\OneDrive\Documents\00 CNED PDF\Atelier 2\Sandcastle Technical Docs\Help\Working\BuildTopics.proj]
BuildAssembler : warning : ResolveReferenceLinksComponent: [Methods.T:MediaTek86.vue.FrmAbsences] Member ID URL not found for target &#39;M:System.MarshalByRefObject.__RaceSetServerIdentity(System.Runtime.Remoting.ServerIdentity)&#39;. [C:\Users\carlf\OneDrive\Documents\00 CNED PDF\Atelier 2\Sandcastle Technical Docs\Help\Working\BuildTopics.proj]
BuildAssembler : warning : ResolveReferenceLinksComponent: [Methods.T:MediaTek86.vue.FrmAbsences] Member ID URL not found for target &#39;M:System.MarshalByRefObject.__ResetServerIdentity&#39;. [C:\Users\carlf\OneDrive\Documents\00 CNED PDF\Atelier 2\Sandcastle Technical Docs\Help\Working\BuildTopics.proj]
BuildAssembler : warning : ResolveReferenceLinksComponent: [Methods.T:MediaTek86.vue.FrmAbsences] Member ID URL not found for target &#39;M:System.MarshalByRefObject.CanCastToXmlType(System.String,System.String)&#39;. [C:\Users\carlf\OneDrive\Documents\00 CNED PDF\Atelier 2\Sandcastle Technical Docs\Help\Working\BuildTopics.proj]
BuildAssembler : warning : ResolveReferenceLinksComponent: [Methods.T:MediaTek86.vue.FrmAbsences] Member ID URL not found for target &#39;M:System.MarshalByRefObject.GetComIUnknown(System.Boolean)&#39;. [C:\Users\carlf\OneDrive\Documents\00 CNED PDF\Atelier 2\Sandcastle Technical Docs\Help\Working\BuildTopics.proj]
BuildAssembler : warning : ResolveReferenceLinksComponent: [Methods.T:MediaTek86.vue.FrmAbsences] Member ID URL not found for target &#39;M:System.MarshalByRefObject.InvokeMember(System.String,System.Reflection.BindingFlags,System.Reflection.Binder,System.Object[],System.Reflection.ParameterModifier[],System.Globalization.CultureInfo,System.String[])&#39;. [C:\Users\carlf\OneDrive\Documents\00 CNED PDF\Atelier 2\Sandcastle Technical Docs\Help\Working\BuildTopics.proj]
BuildAssembler : warning : ResolveReferenceLinksComponent: [Methods.T:MediaTek86.vue.FrmAbsences] Member ID URL not found for target &#39;M:System.MarshalByRefObject.IsInstanceOfType(System.Type)&#39;. [C:\Users\carlf\OneDrive\Documents\00 CNED PDF\Atelier 2\Sandcastle Technical Docs\Help\Working\BuildTopics.proj]
BuildAssembler : warning : ResolveReferenceLinksComponent: [Properties.T:MediaTek86.vue.FrmAbsences] Member ID URL not found for target &#39;P:System.ComponentModel.Component.CanRaiseEventsInternal&#39;. [C:\Users\carlf\OneDrive\Documents\00 CNED PDF\Atelier 2\Sandcastle Technical Docs\Help\Working\BuildTopics.proj]
BuildAssembler : warning : ResolveReferenceLinksComponent: [Properties.T:MediaTek86.vue.FrmAbsences] Member ID URL not found for target &#39;P:System.Windows.Forms.Control.RenderTransparent&#39;. [C:\Users\carlf\OneDrive\Documents\00 CNED PDF\Atelier 2\Sandcastle Technical Docs\Help\Working\BuildTopics.proj]
BuildAssembler : warning : ShowMissingComponent: [M:MediaTek86.vue.FrmAbsences.#ctor(MediaTek86.controleur.Controle)] Missing &lt;param name=&quot;controle&quot;/&gt; documentation [C:\Users\carlf\OneDrive\Documents\00 CNED PDF\Atelier 2\Sandcastle Technical Docs\Help\Working\BuildTopics.proj]
BuildAssembler : warning : ShowMissingComponent: [F:MediaTek86.vue.FrmAbsences.btnAjoutAbsence] Missing &lt;summary&gt; documentation [C:\Users\carlf\OneDrive\Documents\00 CNED PDF\Atelier 2\Sandcastle Technical Docs\Help\Working\BuildTopics.proj]
BuildAssembler : warning : ShowMissingComponent: [M:MediaTek86.vue.FrmAbsences.btnAjoutAbsence_Click(System.Object,System.EventArgs)] Missing &lt;param name=&quot;sender&quot;/&gt; documentation [C:\Users\carlf\OneDrive\Documents\00 CNED PDF\Atelier 2\Sandcastle Technical Docs\Help\Working\BuildTopics.proj]
BuildAssembler : warning : ShowMissingComponent: [M:MediaTek86.vue.FrmAbsences.btnAjoutAbsence_Click(System.Object,System.EventArgs)] Missing &lt;param name=&quot;e&quot;/&gt; documentation [C:\Users\carlf\OneDrive\Documents\00 CNED PDF\Atelier 2\Sandcastle Technical Docs\Help\Working\BuildTopics.proj]
BuildAssembler : warning : ShowMissingComponent: [F:MediaTek86.vue.FrmAbsences.btnModifAbsence] Missing &lt;summary&gt; documentation [C:\Users\carlf\OneDrive\Documents\00 CNED PDF\Atelier 2\Sandcastle Technical Docs\Help\Working\BuildTopics.proj]
BuildAssembler : warning : ShowMissingComponent: [M:MediaTek86.vue.FrmAbsences.btnModifAbsence_Click(System.Object,System.EventArgs)] Missing &lt;param name=&quot;sender&quot;/&gt; documentation [C:\Users\carlf\OneDrive\Documents\00 CNED PDF\Atelier 2\Sandcastle Technical Docs\Help\Working\BuildTopics.proj]
BuildAssembler : warning : ShowMissingComponent: [M:MediaTek86.vue.FrmAbsences.btnModifAbsence_Click(System.Object,System.EventArgs)] Missing &lt;param name=&quot;e&quot;/&gt; documentation [C:\Users\carlf\OneDrive\Documents\00 CNED PDF\Atelier 2\Sandcastle Technical Docs\Help\Working\BuildTopics.proj]
BuildAssembler : warning : ShowMissingComponent: [F:MediaTek86.vue.FrmAbsences.btnRetourPersonnel] Missing &lt;summary&gt; documentation [C:\Users\carlf\OneDrive\Documents\00 CNED PDF\Atelier 2\Sandcastle Technical Docs\Help\Working\BuildTopics.proj]
BuildAssembler : warning : ShowMissingComponent: [M:MediaTek86.vue.FrmAbsences.btnRetourPersonnel_Click(System.Object,System.EventArgs)] Missing &lt;param name=&quot;sender&quot;/&gt; documentation [C:\Users\carlf\OneDrive\Documents\00 CNED PDF\Atelier 2\Sandcastle Technical Docs\Help\Working\BuildTopics.proj]
BuildAssembler : warning : ShowMissingComponent: [M:MediaTek86.vue.FrmAbsences.btnRetourPersonnel_Click(System.Object,System.EventArgs)] Missing &lt;param name=&quot;e&quot;/&gt; documentation [C:\Users\carlf\OneDrive\Documents\00 CNED PDF\Atelier 2\Sandcastle Technical Docs\Help\Working\BuildTopics.proj]
BuildAssembler : warning : ShowMissingComponent: [F:MediaTek86.vue.FrmAbsences.btnSuppAbsence] Missing &lt;summary&gt; documentation [C:\Users\carlf\OneDrive\Documents\00 CNED PDF\Atelier 2\Sandcastle Technical Docs\Help\Working\BuildTopics.proj]
BuildAssembler : warning : ShowMissingComponent: [M:MediaTek86.vue.FrmAbsences.btnSuppAbsence_Click(System.Object,System.EventArgs)] Missing &lt;param name=&quot;sender&quot;/&gt; documentation [C:\Users\carlf\OneDrive\Documents\00 CNED PDF\Atelier 2\Sandcastle Technical Docs\Help\Working\BuildTopics.proj]
BuildAssembler : warning : ShowMissingComponent: [M:MediaTek86.vue.FrmAbsences.btnSuppAbsence_Click(System.Object,System.EventArgs)] Missing &lt;param name=&quot;e&quot;/&gt; documentation [C:\Users\carlf\OneDrive\Documents\00 CNED PDF\Atelier 2\Sandcastle Technical Docs\Help\Working\BuildTopics.proj]
BuildAssembler : warning : ShowMissingComponent: [F:MediaTek86.vue.FrmAbsences.dgvAbsences] Missing &lt;summary&gt; documentation [C:\Users\carlf\OneDrive\Documents\00 CNED PDF\Atelier 2\Sandcastle Technical Docs\Help\Working\BuildTopics.proj]
BuildAssembler : warning : ResolveReferenceLinksComponent: [T:MediaTek86.vue.FrmAMAbsences] Member ID URL not found for target &#39;P:System.ComponentModel.Component.CanRaiseEventsInternal&#39;. [C:\Users\carlf\OneDrive\Documents\00 CNED PDF\Atelier 2\Sandcastle Technical Docs\Help\Working\BuildTopics.proj]
BuildAssembler : warning : ResolveReferenceLinksComponent: [T:MediaTek86.vue.FrmAMAbsences] Member ID URL not found for target &#39;P:System.Windows.Forms.Control.RenderTransparent&#39;. [C:\Users\carlf\OneDrive\Documents\00 CNED PDF\Atelier 2\Sandcastle Technical Docs\Help\Working\BuildTopics.proj]
BuildAssembler : warning : ResolveReferenceLinksComponent: [T:MediaTek86.vue.FrmAMAbsences] Member ID URL not found for target &#39;M:System.MarshalByRefObject.__RaceSetServerIdentity(System.Runtime.Remoting.ServerIdentity)&#39;. [C:\Users\carlf\OneDrive\Documents\00 CNED PDF\Atelier 2\Sandcastle Technical Docs\Help\Working\BuildTopics.proj]
BuildAssembler : warning : ResolveReferenceLinksComponent: [T:MediaTek86.vue.FrmAMAbsences] Member ID URL not found for target &#39;M:System.MarshalByRefObject.__ResetServerIdentity&#39;. [C:\Users\carlf\OneDrive\Documents\00 CNED PDF\Atelier 2\Sandcastle Technical Docs\Help\Working\BuildTopics.proj]
BuildAssembler : warning : ResolveReferenceLinksComponent: [T:MediaTek86.vue.FrmAMAbsences] Member ID URL not found for target &#39;M:System.MarshalByRefObject.CanCastToXmlType(System.String,System.String)&#39;. [C:\Users\carlf\OneDrive\Documents\00 CNED PDF\Atelier 2\Sandcastle Technical Docs\Help\Working\BuildTopics.proj]
BuildAssembler : warning : ResolveReferenceLinksComponent: [T:MediaTek86.vue.FrmAMAbsences] Member ID URL not found for target &#39;M:System.MarshalByRefObject.GetComIUnknown(System.Boolean)&#39;. [C:\Users\carlf\OneDrive\Documents\00 CNED PDF\Atelier 2\Sandcastle Technical Docs\Help\Working\BuildTopics.proj]
BuildAssembler : warning : ResolveReferenceLinksComponent: [T:MediaTek86.vue.FrmAMAbsences] Member ID URL not found for target &#39;M:System.MarshalByRefObject.InvokeMember(System.String,System.Reflection.BindingFlags,System.Reflection.Binder,System.Object[],System.Reflection.ParameterModifier[],System.Globalization.CultureInfo,System.String[])&#39;. [C:\Users\carlf\OneDrive\Documents\00 CNED PDF\Atelier 2\Sandcastle Technical Docs\Help\Working\BuildTopics.proj]
BuildAssembler : warning : ResolveReferenceLinksComponent: [T:MediaTek86.vue.FrmAMAbsences] Member ID URL not found for target &#39;M:System.MarshalByRefObject.IsInstanceOfType(System.Type)&#39;. [C:\Users\carlf\OneDrive\Documents\00 CNED PDF\Atelier 2\Sandcastle Technical Docs\Help\Working\BuildTopics.proj]
BuildAssembler : warning : ResolveReferenceLinksComponent: [Methods.T:MediaTek86.vue.FrmAMAbsences] Member ID URL not found for target &#39;M:System.MarshalByRefObject.__RaceSetServerIdentity(System.Runtime.Remoting.ServerIdentity)&#39;. [C:\Users\carlf\OneDrive\Documents\00 CNED PDF\Atelier 2\Sandcastle Technical Docs\Help\Working\BuildTopics.proj]
BuildAssembler : warning : ResolveReferenceLinksComponent: [Methods.T:MediaTek86.vue.FrmAMAbsences] Member ID URL not found for target &#39;M:System.MarshalByRefObject.__ResetServerIdentity&#39;. [C:\Users\carlf\OneDrive\Documents\00 CNED PDF\Atelier 2\Sandcastle Technical Docs\Help\Working\BuildTopics.proj]
BuildAssembler : warning : ResolveReferenceLinksComponent: [Methods.T:MediaTek86.vue.FrmAMAbsences] Member ID URL not found for target &#39;M:System.MarshalByRefObject.CanCastToXmlType(System.String,System.String)&#39;. [C:\Users\carlf\OneDrive\Documents\00 CNED PDF\Atelier 2\Sandcastle Technical Docs\Help\Working\BuildTopics.proj]
BuildAssembler : warning : ResolveReferenceLinksComponent: [Methods.T:MediaTek86.vue.FrmAMAbsences] Member ID URL not found for target &#39;M:System.MarshalByRefObject.GetComIUnknown(System.Boolean)&#39;. [C:\Users\carlf\OneDrive\Documents\00 CNED PDF\Atelier 2\Sandcastle Technical Docs\Help\Working\BuildTopics.proj]
BuildAssembler : warning : ResolveReferenceLinksComponent: [Methods.T:MediaTek86.vue.FrmAMAbsences] Member ID URL not found for target &#39;M:System.MarshalByRefObject.InvokeMember(System.String,System.Reflection.BindingFlags,System.Reflection.Binder,System.Object[],System.Reflection.ParameterModifier[],System.Globalization.CultureInfo,System.String[])&#39;. [C:\Users\carlf\OneDrive\Documents\00 CNED PDF\Atelier 2\Sandcastle Technical Docs\Help\Working\BuildTopics.proj]
BuildAssembler : warning : ResolveReferenceLinksComponent: [Methods.T:MediaTek86.vue.FrmAMAbsences] Member ID URL not found for target &#39;M:System.MarshalByRefObject.IsInstanceOfType(System.Type)&#39;. [C:\Users\carlf\OneDrive\Documents\00 CNED PDF\Atelier 2\Sandcastle Technical Docs\Help\Working\BuildTopics.proj]
BuildAssembler : warning : ResolveReferenceLinksComponent: [Properties.T:MediaTek86.vue.FrmAMAbsences] Member ID URL not found for target &#39;P:System.ComponentModel.Component.CanRaiseEventsInternal&#39;. [C:\Users\carlf\OneDrive\Documents\00 CNED PDF\Atelier 2\Sandcastle Technical Docs\Help\Working\BuildTopics.proj]
BuildAssembler : warning : ResolveReferenceLinksComponent: [Properties.T:MediaTek86.vue.FrmAMAbsences] Member ID URL not found for target &#39;P:System.Windows.Forms.Control.RenderTransparent&#39;. [C:\Users\carlf\OneDrive\Documents\00 CNED PDF\Atelier 2\Sandcastle Technical Docs\Help\Working\BuildTopics.proj]
BuildAssembler : warning : ShowMissingComponent: [M:MediaTek86.vue.FrmAMAbsences.#ctor(MediaTek86.controleur.Controle)] Missing &lt;param name=&quot;controle&quot;/&gt; documentation [C:\Users\carlf\OneDrive\Documents\00 CNED PDF\Atelier 2\Sandcastle Technical Docs\Help\Working\BuildTopics.proj]
BuildAssembler : warning : ShowMissingComponent: [F:MediaTek86.vue.FrmAMAbsences.btnAnnuler] Missing &lt;summary&gt; documentation [C:\Users\carlf\OneDrive\Documents\00 CNED PDF\Atelier 2\Sandcastle Technical Docs\Help\Working\BuildTopics.proj]
BuildAssembler : warning : ShowMissingComponent: [M:MediaTek86.vue.FrmAMAbsences.btnAnnuler_Click(System.Object,System.EventArgs)] Missing &lt;param name=&quot;sender&quot;/&gt; documentation [C:\Users\carlf\OneDrive\Documents\00 CNED PDF\Atelier 2\Sandcastle Technical Docs\Help\Working\BuildTopics.proj]
BuildAssembler : warning : ShowMissingComponent: [M:MediaTek86.vue.FrmAMAbsences.btnAnnuler_Click(System.Object,System.EventArgs)] Missing &lt;param name=&quot;e&quot;/&gt; documentation [C:\Users\carlf\OneDrive\Documents\00 CNED PDF\Atelier 2\Sandcastle Technical Docs\Help\Working\BuildTopics.proj]
BuildAssembler : warning : ShowMissingComponent: [F:MediaTek86.vue.FrmAMAbsences.btnEnregistrer] Missing &lt;summary&gt; documentation [C:\Users\carlf\OneDrive\Documents\00 CNED PDF\Atelier 2\Sandcastle Technical Docs\Help\Working\BuildTopics.proj]
BuildAssembler : warning : ShowMissingComponent: [M:MediaTek86.vue.FrmAMAbsences.btnEnregistrer_Click(System.Object,System.EventArgs)] Missing &lt;param name=&quot;sender&quot;/&gt; documentation [C:\Users\carlf\OneDrive\Documents\00 CNED PDF\Atelier 2\Sandcastle Technical Docs\Help\Working\BuildTopics.proj]
BuildAssembler : warning : ShowMissingComponent: [M:MediaTek86.vue.FrmAMAbsences.btnEnregistrer_Click(System.Object,System.EventArgs)] Missing &lt;param name=&quot;e&quot;/&gt; documentation [C:\Users\carlf\OneDrive\Documents\00 CNED PDF\Atelier 2\Sandcastle Technical Docs\Help\Working\BuildTopics.proj]
BuildAssembler : warning : ShowMissingComponent: [F:MediaTek86.vue.FrmAMAbsences.cboMotif] Missing &lt;summary&gt; documentation [C:\Users\carlf\OneDrive\Documents\00 CNED PDF\Atelier 2\Sandcastle Technical Docs\Help\Working\BuildTopics.proj]
BuildAssembler : warning : ShowMissingComponent: [F:MediaTek86.vue.FrmAMAbsences.dtpDebut] Missing &lt;summary&gt; documentation [C:\Users\carlf\OneDrive\Documents\00 CNED PDF\Atelier 2\Sandcastle Technical Docs\Help\Working\BuildTopics.proj]
BuildAssembler : warning : ShowMissingComponent: [F:MediaTek86.vue.FrmAMAbsences.dtpFin] Missing &lt;summary&gt; documentation [C:\Users\carlf\OneDrive\Documents\00 CNED PDF\Atelier 2\Sandcastle Technical Docs\Help\Working\BuildTopics.proj]
BuildAssembler : warning : ShowMissingComponent: [F:MediaTek86.vue.FrmAMAbsences.label1] Missing &lt;summary&gt; documentation [C:\Users\carlf\OneDrive\Documents\00 CNED PDF\Atelier 2\Sandcastle Technical Docs\Help\Working\BuildTopics.proj]
BuildAssembler : warning : ShowMissingComponent: [F:MediaTek86.vue.FrmAMAbsences.label2] Missing &lt;summary&gt; documentation [C:\Users\carlf\OneDrive\Documents\00 CNED PDF\Atelier 2\Sandcastle Technical Docs\Help\Working\BuildTopics.proj]
BuildAssembler : warning : ShowMissingComponent: [F:MediaTek86.vue.FrmAMAbsences.label3] Missing &lt;summary&gt; documentation [C:\Users\carlf\OneDrive\Documents\00 CNED PDF\Atelier 2\Sandcastle Technical Docs\Help\Working\BuildTopics.proj]
BuildAssembler : warning : ResolveReferenceLinksComponent: [T:MediaTek86.vue.FrmAMPersonnel] Member ID URL not found for target &#39;P:System.ComponentModel.Component.CanRaiseEventsInternal&#39;. [C:\Users\carlf\OneDrive\Documents\00 CNED PDF\Atelier 2\Sandcastle Technical Docs\Help\Working\BuildTopics.proj]
BuildAssembler : warning : ResolveReferenceLinksComponent: [T:MediaTek86.vue.FrmAMPersonnel] Member ID URL not found for target &#39;P:System.Windows.Forms.Control.RenderTransparent&#39;. [C:\Users\carlf\OneDrive\Documents\00 CNED PDF\Atelier 2\Sandcastle Technical Docs\Help\Working\BuildTopics.proj]
BuildAssembler : warning : ResolveReferenceLinksComponent: [T:MediaTek86.vue.FrmAMPersonnel] Member ID URL not found for target &#39;M:System.MarshalByRefObject.__RaceSetServerIdentity(System.Runtime.Remoting.ServerIdentity)&#39;. [C:\Users\carlf\OneDrive\Documents\00 CNED PDF\Atelier 2\Sandcastle Technical Docs\Help\Working\BuildTopics.proj]
BuildAssembler : warning : ResolveReferenceLinksComponent: [T:MediaTek86.vue.FrmAMPersonnel] Member ID URL not found for target &#39;M:System.MarshalByRefObject.__ResetServerIdentity&#39;. [C:\Users\carlf\OneDrive\Documents\00 CNED PDF\Atelier 2\Sandcastle Technical Docs\Help\Working\BuildTopics.proj]
BuildAssembler : warning : ResolveReferenceLinksComponent: [T:MediaTek86.vue.FrmAMPersonnel] Member ID URL not found for target &#39;M:System.MarshalByRefObject.CanCastToXmlType(System.String,System.String)&#39;. [C:\Users\carlf\OneDrive\Documents\00 CNED PDF\Atelier 2\Sandcastle Technical Docs\Help\Working\BuildTopics.proj]
BuildAssembler : warning : ResolveReferenceLinksComponent: [T:MediaTek86.vue.FrmAMPersonnel] Member ID URL not found for target &#39;M:System.MarshalByRefObject.GetComIUnknown(System.Boolean)&#39;. [C:\Users\carlf\OneDrive\Documents\00 CNED PDF\Atelier 2\Sandcastle Technical Docs\Help\Working\BuildTopics.proj]
BuildAssembler : warning : ResolveReferenceLinksComponent: [T:MediaTek86.vue.FrmAMPersonnel] Member ID URL not found for target &#39;M:System.MarshalByRefObject.InvokeMember(System.String,System.Reflection.BindingFlags,System.Reflection.Binder,System.Object[],System.Reflection.ParameterModifier[],System.Globalization.CultureInfo,System.String[])&#39;. [C:\Users\carlf\OneDrive\Documents\00 CNED PDF\Atelier 2\Sandcastle Technical Docs\Help\Working\BuildTopics.proj]
BuildAssembler : warning : ResolveReferenceLinksComponent: [T:MediaTek86.vue.FrmAMPersonnel] Member ID URL not found for target &#39;M:System.MarshalByRefObject.IsInstanceOfType(System.Type)&#39;. [C:\Users\carlf\OneDrive\Documents\00 CNED PDF\Atelier 2\Sandcastle Technical Docs\Help\Working\BuildTopics.proj]
BuildAssembler : warning : ResolveReferenceLinksComponent: [Methods.T:MediaTek86.vue.FrmAMPersonnel] Member ID URL not found for target &#39;M:System.MarshalByRefObject.__RaceSetServerIdentity(System.Runtime.Remoting.ServerIdentity)&#39;. [C:\Users\carlf\OneDrive\Documents\00 CNED PDF\Atelier 2\Sandcastle Technical Docs\Help\Working\BuildTopics.proj]
BuildAssembler : warning : ResolveReferenceLinksComponent: [Methods.T:MediaTek86.vue.FrmAMPersonnel] Member ID URL not found for target &#39;M:System.MarshalByRefObject.__ResetServerIdentity&#39;. [C:\Users\carlf\OneDrive\Documents\00 CNED PDF\Atelier 2\Sandcastle Technical Docs\Help\Working\BuildTopics.proj]
BuildAssembler : warning : ResolveReferenceLinksComponent: [Methods.T:MediaTek86.vue.FrmAMPersonnel] Member ID URL not found for target &#39;M:System.MarshalByRefObject.CanCastToXmlType(System.String,System.String)&#39;. [C:\Users\carlf\OneDrive\Documents\00 CNED PDF\Atelier 2\Sandcastle Technical Docs\Help\Working\BuildTopics.proj]
BuildAssembler : warning : ResolveReferenceLinksComponent: [Methods.T:MediaTek86.vue.FrmAMPersonnel] Member ID URL not found for target &#39;M:System.MarshalByRefObject.GetComIUnknown(System.Boolean)&#39;. [C:\Users\carlf\OneDrive\Documents\00 CNED PDF\Atelier 2\Sandcastle Technical Docs\Help\Working\BuildTopics.proj]
BuildAssembler : warning : ResolveReferenceLinksComponent: [Methods.T:MediaTek86.vue.FrmAMPersonnel] Member ID URL not found for target &#39;M:System.MarshalByRefObject.InvokeMember(System.String,System.Reflection.BindingFlags,System.Reflection.Binder,System.Object[],System.Reflection.ParameterModifier[],System.Globalization.CultureInfo,System.String[])&#39;. [C:\Users\carlf\OneDrive\Documents\00 CNED PDF\Atelier 2\Sandcastle Technical Docs\Help\Working\BuildTopics.proj]
BuildAssembler : warning : ResolveReferenceLinksComponent: [Methods.T:MediaTek86.vue.FrmAMPersonnel] Member ID URL not found for target &#39;M:System.MarshalByRefObject.IsInstanceOfType(System.Type)&#39;. [C:\Users\carlf\OneDrive\Documents\00 CNED PDF\Atelier 2\Sandcastle Technical Docs\Help\Working\BuildTopics.proj]
BuildAssembler : warning : ResolveReferenceLinksComponent: [Properties.T:MediaTek86.vue.FrmAMPersonnel] Member ID URL not found for target &#39;P:System.ComponentModel.Component.CanRaiseEventsInternal&#39;. [C:\Users\carlf\OneDrive\Documents\00 CNED PDF\Atelier 2\Sandcastle Technical Docs\Help\Working\BuildTopics.proj]
BuildAssembler : warning : ResolveReferenceLinksComponent: [Properties.T:MediaTek86.vue.FrmAMPersonnel] Member ID URL not found for target &#39;P:System.Windows.Forms.Control.RenderTransparent&#39;. [C:\Users\carlf\OneDrive\Documents\00 CNED PDF\Atelier 2\Sandcastle Technical Docs\Help\Working\BuildTopics.proj]
BuildAssembler : warning : ShowMissingComponent: [M:MediaTek86.vue.FrmAMPersonnel.#ctor(MediaTek86.controleur.Controle)] Missing &lt;param name=&quot;controle&quot;/&gt; documentation [C:\Users\carlf\OneDrive\Documents\00 CNED PDF\Atelier 2\Sandcastle Technical Docs\Help\Working\BuildTopics.proj]
BuildAssembler : warning : ShowMissingComponent: [F:MediaTek86.vue.FrmAMPersonnel.btnAnnuler] Missing &lt;summary&gt; documentation [C:\Users\carlf\OneDrive\Documents\00 CNED PDF\Atelier 2\Sandcastle Technical Docs\Help\Working\BuildTopics.proj]
BuildAssembler : warning : ShowMissingComponent: [M:MediaTek86.vue.FrmAMPersonnel.btnAnnuler_Click(System.Object,System.EventArgs)] Missing &lt;param name=&quot;sender&quot;/&gt; documentation [C:\Users\carlf\OneDrive\Documents\00 CNED PDF\Atelier 2\Sandcastle Technical Docs\Help\Working\BuildTopics.proj]
BuildAssembler : warning : ShowMissingComponent: [M:MediaTek86.vue.FrmAMPersonnel.btnAnnuler_Click(System.Object,System.EventArgs)] Missing &lt;param name=&quot;e&quot;/&gt; documentation [C:\Users\carlf\OneDrive\Documents\00 CNED PDF\Atelier 2\Sandcastle Technical Docs\Help\Working\BuildTopics.proj]
BuildAssembler : warning : ShowMissingComponent: [F:MediaTek86.vue.FrmAMPersonnel.btnEnregistrer] Missing &lt;summary&gt; documentation [C:\Users\carlf\OneDrive\Documents\00 CNED PDF\Atelier 2\Sandcastle Technical Docs\Help\Working\BuildTopics.proj]
BuildAssembler : warning : ShowMissingComponent: [M:MediaTek86.vue.FrmAMPersonnel.btnEnregistrer_Click(System.Object,System.EventArgs)] Missing &lt;param name=&quot;sender&quot;/&gt; documentation [C:\Users\carlf\OneDrive\Documents\00 CNED PDF\Atelier 2\Sandcastle Technical Docs\Help\Working\BuildTopics.proj]
BuildAssembler : warning : ShowMissingComponent: [M:MediaTek86.vue.FrmAMPersonnel.btnEnregistrer_Click(System.Object,System.EventArgs)] Missing &lt;param name=&quot;e&quot;/&gt; documentation [C:\Users\carlf\OneDrive\Documents\00 CNED PDF\Atelier 2\Sandcastle Technical Docs\Help\Working\BuildTopics.proj]
BuildAssembler : warning : ShowMissingComponent: [F:MediaTek86.vue.FrmAMPersonnel.cboService] Missing &lt;summary&gt; documentation [C:\Users\carlf\OneDrive\Documents\00 CNED PDF\Atelier 2\Sandcastle Technical Docs\Help\Working\BuildTopics.proj]
BuildAssembler : warning : ShowMissingComponent: [F:MediaTek86.vue.FrmAMPersonnel.label1] Missing &lt;summary&gt; documentation [C:\Users\carlf\OneDrive\Documents\00 CNED PDF\Atelier 2\Sandcastle Technical Docs\Help\Working\BuildTopics.proj]
BuildAssembler : warning : ShowMissingComponent: [F:MediaTek86.vue.FrmAMPersonnel.label2] Missing &lt;summary&gt; documentation [C:\Users\carlf\OneDrive\Documents\00 CNED PDF\Atelier 2\Sandcastle Technical Docs\Help\Working\BuildTopics.proj]
BuildAssembler : warning : ShowMissingComponent: [F:MediaTek86.vue.FrmAMPersonnel.label3] Missing &lt;summary&gt; documentation [C:\Users\carlf\OneDrive\Documents\00 CNED PDF\Atelier 2\Sandcastle Technical Docs\Help\Working\BuildTopics.proj]
BuildAssembler : warning : ShowMissingComponent: [F:MediaTek86.vue.FrmAMPersonnel.label4] Missing &lt;summary&gt; documentation [C:\Users\carlf\OneDrive\Documents\00 CNED PDF\Atelier 2\Sandcastle Technical Docs\Help\Working\BuildTopics.proj]
BuildAssembler : warning : ShowMissingComponent: [F:MediaTek86.vue.FrmAMPersonnel.label5] Missing &lt;summary&gt; documentation [C:\Users\carlf\OneDrive\Documents\00 CNED PDF\Atelier 2\Sandcastle Technical Docs\Help\Working\BuildTopics.proj]
BuildAssembler : warning : ShowMissingComponent: [F:MediaTek86.vue.FrmAMPersonnel.txtMail] Missing &lt;summary&gt; documentation [C:\Users\carlf\OneDrive\Documents\00 CNED PDF\Atelier 2\Sandcastle Technical Docs\Help\Working\BuildTopics.proj]
BuildAssembler : warning : ShowMissingComponent: [F:MediaTek86.vue.FrmAMPersonnel.txtNom] Missing &lt;summary&gt; documentation [C:\Users\carlf\OneDrive\Documents\00 CNED PDF\Atelier 2\Sandcastle Technical Docs\Help\Working\BuildTopics.proj]
BuildAssembler : warning : ShowMissingComponent: [F:MediaTek86.vue.FrmAMPersonnel.txtPrenom] Missing &lt;summary&gt; documentation [C:\Users\carlf\OneDrive\Documents\00 CNED PDF\Atelier 2\Sandcastle Technical Docs\Help\Working\BuildTopics.proj]
BuildAssembler : warning : ShowMissingComponent: [F:MediaTek86.vue.FrmAMPersonnel.txtTel] Missing &lt;summary&gt; documentation [C:\Users\carlf\OneDrive\Documents\00 CNED PDF\Atelier 2\Sandcastle Technical Docs\Help\Working\BuildTopics.proj]
BuildAssembler : warning : ResolveReferenceLinksComponent: [T:MediaTek86.vue.FrmAuthentification] Member ID URL not found for target &#39;P:System.ComponentModel.Component.CanRaiseEventsInternal&#39;. [C:\Users\carlf\OneDrive\Documents\00 CNED PDF\Atelier 2\Sandcastle Technical Docs\Help\Working\BuildTopics.proj]
BuildAssembler : warning : ResolveReferenceLinksComponent: [T:MediaTek86.vue.FrmAuthentification] Member ID URL not found for target &#39;P:System.Windows.Forms.Control.RenderTransparent&#39;. [C:\Users\carlf\OneDrive\Documents\00 CNED PDF\Atelier 2\Sandcastle Technical Docs\Help\Working\BuildTopics.proj]
BuildAssembler : warning : ResolveReferenceLinksComponent: [T:MediaTek86.vue.FrmAuthentification] Member ID URL not found for target &#39;M:System.MarshalByRefObject.__RaceSetServerIdentity(System.Runtime.Remoting.ServerIdentity)&#39;. [C:\Users\carlf\OneDrive\Documents\00 CNED PDF\Atelier 2\Sandcastle Technical Docs\Help\Working\BuildTopics.proj]
BuildAssembler : warning : ResolveReferenceLinksComponent: [T:MediaTek86.vue.FrmAuthentification] Member ID URL not found for target &#39;M:System.MarshalByRefObject.__ResetServerIdentity&#39;. [C:\Users\carlf\OneDrive\Documents\00 CNED PDF\Atelier 2\Sandcastle Technical Docs\Help\Working\BuildTopics.proj]
BuildAssembler : warning : ResolveReferenceLinksComponent: [T:MediaTek86.vue.FrmAuthentification] Member ID URL not found for target &#39;M:System.MarshalByRefObject.CanCastToXmlType(System.String,System.String)&#39;. [C:\Users\carlf\OneDrive\Documents\00 CNED PDF\Atelier 2\Sandcastle Technical Docs\Help\Working\BuildTopics.proj]
BuildAssembler : warning : ResolveReferenceLinksComponent: [T:MediaTek86.vue.FrmAuthentification] Member ID URL not found for target &#39;M:System.MarshalByRefObject.GetComIUnknown(System.Boolean)&#39;. [C:\Users\carlf\OneDrive\Documents\00 CNED PDF\Atelier 2\Sandcastle Technical Docs\Help\Working\BuildTopics.proj]
BuildAssembler : warning : ResolveReferenceLinksComponent: [T:MediaTek86.vue.FrmAuthentification] Member ID URL not found for target &#39;M:System.MarshalByRefObject.InvokeMember(System.String,System.Reflection.BindingFlags,System.Reflection.Binder,System.Object[],System.Reflection.ParameterModifier[],System.Globalization.CultureInfo,System.String[])&#39;. [C:\Users\carlf\OneDrive\Documents\00 CNED PDF\Atelier 2\Sandcastle Technical Docs\Help\Working\BuildTopics.proj]
BuildAssembler : warning : ResolveReferenceLinksComponent: [T:MediaTek86.vue.FrmAuthentification] Member ID URL not found for target &#39;M:System.MarshalByRefObject.IsInstanceOfType(System.Type)&#39;. [C:\Users\carlf\OneDrive\Documents\00 CNED PDF\Atelier 2\Sandcastle Technical Docs\Help\Working\BuildTopics.proj]
BuildAssembler : warning : ResolveReferenceLinksComponent: [Methods.T:MediaTek86.vue.FrmAuthentification] Member ID URL not found for target &#39;M:System.MarshalByRefObject.__RaceSetServerIdentity(System.Runtime.Remoting.ServerIdentity)&#39;. [C:\Users\carlf\OneDrive\Documents\00 CNED PDF\Atelier 2\Sandcastle Technical Docs\Help\Working\BuildTopics.proj]
BuildAssembler : warning : ResolveReferenceLinksComponent: [Methods.T:MediaTek86.vue.FrmAuthentification] Member ID URL not found for target &#39;M:System.MarshalByRefObject.__ResetServerIdentity&#39;. [C:\Users\carlf\OneDrive\Documents\00 CNED PDF\Atelier 2\Sandcastle Technical Docs\Help\Working\BuildTopics.proj]
BuildAssembler : warning : ResolveReferenceLinksComponent: [Methods.T:MediaTek86.vue.FrmAuthentification] Member ID URL not found for target &#39;M:System.MarshalByRefObject.CanCastToXmlType(System.String,System.String)&#39;. [C:\Users\carlf\OneDrive\Documents\00 CNED PDF\Atelier 2\Sandcastle Technical Docs\Help\Working\BuildTopics.proj]
BuildAssembler : warning : ResolveReferenceLinksComponent: [Methods.T:MediaTek86.vue.FrmAuthentification] Member ID URL not found for target &#39;M:System.MarshalByRefObject.GetComIUnknown(System.Boolean)&#39;. [C:\Users\carlf\OneDrive\Documents\00 CNED PDF\Atelier 2\Sandcastle Technical Docs\Help\Working\BuildTopics.proj]
BuildAssembler : warning : ResolveReferenceLinksComponent: [Methods.T:MediaTek86.vue.FrmAuthentification] Member ID URL not found for target &#39;M:System.MarshalByRefObject.InvokeMember(System.String,System.Reflection.BindingFlags,System.Reflection.Binder,System.Object[],System.Reflection.ParameterModifier[],System.Globalization.CultureInfo,System.String[])&#39;. [C:\Users\carlf\OneDrive\Documents\00 CNED PDF\Atelier 2\Sandcastle Technical Docs\Help\Working\BuildTopics.proj]
BuildAssembler : warning : ResolveReferenceLinksComponent: [Methods.T:MediaTek86.vue.FrmAuthentification] Member ID URL not found for target &#39;M:System.MarshalByRefObject.IsInstanceOfType(System.Type)&#39;. [C:\Users\carlf\OneDrive\Documents\00 CNED PDF\Atelier 2\Sandcastle Technical Docs\Help\Working\BuildTopics.proj]
BuildAssembler : warning : ResolveReferenceLinksComponent: [Properties.T:MediaTek86.vue.FrmAuthentification] Member ID URL not found for target &#39;P:System.ComponentModel.Component.CanRaiseEventsInternal&#39;. [C:\Users\carlf\OneDrive\Documents\00 CNED PDF\Atelier 2\Sandcastle Technical Docs\Help\Working\BuildTopics.proj]
BuildAssembler : warning : ResolveReferenceLinksComponent: [Properties.T:MediaTek86.vue.FrmAuthentification] Member ID URL not found for target &#39;P:System.Windows.Forms.Control.RenderTransparent&#39;. [C:\Users\carlf\OneDrive\Documents\00 CNED PDF\Atelier 2\Sandcastle Technical Docs\Help\Working\BuildTopics.proj]
BuildAssembler : warning : ShowMissingComponent: [M:MediaTek86.vue.FrmAuthentification.#ctor(MediaTek86.controleur.Controle)] Missing &lt;param name=&quot;controle&quot;/&gt; documentation [C:\Users\carlf\OneDrive\Documents\00 CNED PDF\Atelier 2\Sandcastle Technical Docs\Help\Working\BuildTopics.proj]
BuildAssembler : warning : ShowMissingComponent: [F:MediaTek86.vue.FrmAuthentification.btnConnecter] Missing &lt;summary&gt; documentation [C:\Users\carlf\OneDrive\Documents\00 CNED PDF\Atelier 2\Sandcastle Technical Docs\Help\Working\BuildTopics.proj]
BuildAssembler : warning : ShowMissingComponent: [M:MediaTek86.vue.FrmAuthentification.btnConnecter_Click(System.Object,System.EventArgs)] Missing &lt;param name=&quot;sender&quot;/&gt; documentation [C:\Users\carlf\OneDrive\Documents\00 CNED PDF\Atelier 2\Sandcastle Technical Docs\Help\Working\BuildTopics.proj]
BuildAssembler : warning : ShowMissingComponent: [M:MediaTek86.vue.FrmAuthentification.btnConnecter_Click(System.Object,System.EventArgs)] Missing &lt;param name=&quot;e&quot;/&gt; documentation [C:\Users\carlf\OneDrive\Documents\00 CNED PDF\Atelier 2\Sandcastle Technical Docs\Help\Working\BuildTopics.proj]
BuildAssembler : warning : ShowMissingComponent: [F:MediaTek86.vue.FrmAuthentification.label1] Missing &lt;summary&gt; documentation [C:\Users\carlf\OneDrive\Documents\00 CNED PDF\Atelier 2\Sandcastle Technical Docs\Help\Working\BuildTopics.proj]
BuildAssembler : warning : ShowMissingComponent: [F:MediaTek86.vue.FrmAuthentification.label2] Missing &lt;summary&gt; documentation [C:\Users\carlf\OneDrive\Documents\00 CNED PDF\Atelier 2\Sandcastle Technical Docs\Help\Working\BuildTopics.proj]
BuildAssembler : warning : ShowMissingComponent: [F:MediaTek86.vue.FrmAuthentification.txtMotdepasse] Missing &lt;summary&gt; documentation [C:\Users\carlf\OneDrive\Documents\00 CNED PDF\Atelier 2\Sandcastle Technical Docs\Help\Working\BuildTopics.proj]
BuildAssembler : warning : ShowMissingComponent: [F:MediaTek86.vue.FrmAuthentification.txtUtilisateur] Missing &lt;summary&gt; documentation [C:\Users\carlf\OneDrive\Documents\00 CNED PDF\Atelier 2\Sandcastle Technical Docs\Help\Working\BuildTopics.proj]
BuildAssembler : warning : ResolveReferenceLinksComponent: [T:MediaTek86.vue.FrmPersonnel] Member ID URL not found for target &#39;P:System.ComponentModel.Component.CanRaiseEventsInternal&#39;. [C:\Users\carlf\OneDrive\Documents\00 CNED PDF\Atelier 2\Sandcastle Technical Docs\Help\Working\BuildTopics.proj]
BuildAssembler : warning : ResolveReferenceLinksComponent: [T:MediaTek86.vue.FrmPersonnel] Member ID URL not found for target &#39;P:System.Windows.Forms.Control.RenderTransparent&#39;. [C:\Users\carlf\OneDrive\Documents\00 CNED PDF\Atelier 2\Sandcastle Technical Docs\Help\Working\BuildTopics.proj]
BuildAssembler : warning : ResolveReferenceLinksComponent: [T:MediaTek86.vue.FrmPersonnel] Member ID URL not found for target &#39;M:System.MarshalByRefObject.__RaceSetServerIdentity(System.Runtime.Remoting.ServerIdentity)&#39;. [C:\Users\carlf\OneDrive\Documents\00 CNED PDF\Atelier 2\Sandcastle Technical Docs\Help\Working\BuildTopics.proj]
BuildAssembler : warning : ResolveReferenceLinksComponent: [T:MediaTek86.vue.FrmPersonnel] Member ID URL not found for target &#39;M:System.MarshalByRefObject.__ResetServerIdentity&#39;. [C:\Users\carlf\OneDrive\Documents\00 CNED PDF\Atelier 2\Sandcastle Technical Docs\Help\Working\BuildTopics.proj]
BuildAssembler : warning : ResolveReferenceLinksComponent: [T:MediaTek86.vue.FrmPersonnel] Member ID URL not found for target &#39;M:System.MarshalByRefObject.CanCastToXmlType(System.String,System.String)&#39;. [C:\Users\carlf\OneDrive\Documents\00 CNED PDF\Atelier 2\Sandcastle Technical Docs\Help\Working\BuildTopics.proj]
BuildAssembler : warning : ResolveReferenceLinksComponent: [T:MediaTek86.vue.FrmPersonnel] Member ID URL not found for target &#39;M:System.MarshalByRefObject.GetComIUnknown(System.Boolean)&#39;. [C:\Users\carlf\OneDrive\Documents\00 CNED PDF\Atelier 2\Sandcastle Technical Docs\Help\Working\BuildTopics.proj]
BuildAssembler : warning : ResolveReferenceLinksComponent: [T:MediaTek86.vue.FrmPersonnel] Member ID URL not found for target &#39;M:System.MarshalByRefObject.InvokeMember(System.String,System.Reflection.BindingFlags,System.Reflection.Binder,System.Object[],System.Reflection.ParameterModifier[],System.Globalization.CultureInfo,System.String[])&#39;. [C:\Users\carlf\OneDrive\Documents\00 CNED PDF\Atelier 2\Sandcastle Technical Docs\Help\Working\BuildTopics.proj]
BuildAssembler : warning : ResolveReferenceLinksComponent: [T:MediaTek86.vue.FrmPersonnel] Member ID URL not found for target &#39;M:System.MarshalByRefObject.IsInstanceOfType(System.Type)&#39;. [C:\Users\carlf\OneDrive\Documents\00 CNED PDF\Atelier 2\Sandcastle Technical Docs\Help\Working\BuildTopics.proj]
BuildAssembler : warning : ResolveReferenceLinksComponent: [Methods.T:MediaTek86.vue.FrmPersonnel] Member ID URL not found for target &#39;M:System.MarshalByRefObject.__RaceSetServerIdentity(System.Runtime.Remoting.ServerIdentity)&#39;. [C:\Users\carlf\OneDrive\Documents\00 CNED PDF\Atelier 2\Sandcastle Technical Docs\Help\Working\BuildTopics.proj]
BuildAssembler : warning : ResolveReferenceLinksComponent: [Methods.T:MediaTek86.vue.FrmPersonnel] Member ID URL not found for target &#39;M:System.MarshalByRefObject.__ResetServerIdentity&#39;. [C:\Users\carlf\OneDrive\Documents\00 CNED PDF\Atelier 2\Sandcastle Technical Docs\Help\Working\BuildTopics.proj]
BuildAssembler : warning : ResolveReferenceLinksComponent: [Methods.T:MediaTek86.vue.FrmPersonnel] Member ID URL not found for target &#39;M:System.MarshalByRefObject.CanCastToXmlType(System.String,System.String)&#39;. [C:\Users\carlf\OneDrive\Documents\00 CNED PDF\Atelier 2\Sandcastle Technical Docs\Help\Working\BuildTopics.proj]
BuildAssembler : warning : ResolveReferenceLinksComponent: [Methods.T:MediaTek86.vue.FrmPersonnel] Member ID URL not found for target &#39;M:System.MarshalByRefObject.GetComIUnknown(System.Boolean)&#39;. [C:\Users\carlf\OneDrive\Documents\00 CNED PDF\Atelier 2\Sandcastle Technical Docs\Help\Working\BuildTopics.proj]
BuildAssembler : warning : ResolveReferenceLinksComponent: [Methods.T:MediaTek86.vue.FrmPersonnel] Member ID URL not found for target &#39;M:System.MarshalByRefObject.InvokeMember(System.String,System.Reflection.BindingFlags,System.Reflection.Binder,System.Object[],System.Reflection.ParameterModifier[],System.Globalization.CultureInfo,System.String[])&#39;. [C:\Users\carlf\OneDrive\Documents\00 CNED PDF\Atelier 2\Sandcastle Technical Docs\Help\Working\BuildTopics.proj]
BuildAssembler : warning : ResolveReferenceLinksComponent: [Methods.T:MediaTek86.vue.FrmPersonnel] Member ID URL not found for target &#39;M:System.MarshalByRefObject.IsInstanceOfType(System.Type)&#39;. [C:\Users\carlf\OneDrive\Documents\00 CNED PDF\Atelier 2\Sandcastle Technical Docs\Help\Working\BuildTopics.proj]
BuildAssembler : warning : ResolveReferenceLinksComponent: [Properties.T:MediaTek86.vue.FrmPersonnel] Member ID URL not found for target &#39;P:System.ComponentModel.Component.CanRaiseEventsInternal&#39;. [C:\Users\carlf\OneDrive\Documents\00 CNED PDF\Atelier 2\Sandcastle Technical Docs\Help\Working\BuildTopics.proj]
BuildAssembler : warning : ResolveReferenceLinksComponent: [Properties.T:MediaTek86.vue.FrmPersonnel] Member ID URL not found for target &#39;P:System.Windows.Forms.Control.RenderTransparent&#39;. [C:\Users\carlf\OneDrive\Documents\00 CNED PDF\Atelier 2\Sandcastle Technical Docs\Help\Working\BuildTopics.proj]
BuildAssembler : warning : ShowMissingComponent: [M:MediaTek86.vue.FrmPersonnel.#ctor(MediaTek86.controleur.Controle)] Missing &lt;param name=&quot;controle&quot;/&gt; documentation [C:\Users\carlf\OneDrive\Documents\00 CNED PDF\Atelier 2\Sandcastle Technical Docs\Help\Working\BuildTopics.proj]
BuildAssembler : warning : ShowMissingComponent: [F:MediaTek86.vue.FrmPersonnel.btnAffichAbsences] Missing &lt;summary&gt; documentation [C:\Users\carlf\OneDrive\Documents\00 CNED PDF\Atelier 2\Sandcastle Technical Docs\Help\Working\BuildTopics.proj]
BuildAssembler : warning : ShowMissingComponent: [M:MediaTek86.vue.FrmPersonnel.btnAffichAbsences_Click(System.Object,System.EventArgs)] Missing &lt;param name=&quot;sender&quot;/&gt; documentation [C:\Users\carlf\OneDrive\Documents\00 CNED PDF\Atelier 2\Sandcastle Technical Docs\Help\Working\BuildTopics.proj]
BuildAssembler : warning : ShowMissingComponent: [M:MediaTek86.vue.FrmPersonnel.btnAffichAbsences_Click(System.Object,System.EventArgs)] Missing &lt;param name=&quot;e&quot;/&gt; documentation [C:\Users\carlf\OneDrive\Documents\00 CNED PDF\Atelier 2\Sandcastle Technical Docs\Help\Working\BuildTopics.proj]
BuildAssembler : warning : ShowMissingComponent: [F:MediaTek86.vue.FrmPersonnel.btnAjoutPersonnel] Missing &lt;summary&gt; documentation [C:\Users\carlf\OneDrive\Documents\00 CNED PDF\Atelier 2\Sandcastle Technical Docs\Help\Working\BuildTopics.proj]
BuildAssembler : warning : ShowMissingComponent: [M:MediaTek86.vue.FrmPersonnel.btnAjoutPersonnel_Click(System.Object,System.EventArgs)] Missing &lt;param name=&quot;sender&quot;/&gt; documentation [C:\Users\carlf\OneDrive\Documents\00 CNED PDF\Atelier 2\Sandcastle Technical Docs\Help\Working\BuildTopics.proj]
BuildAssembler : warning : ShowMissingComponent: [M:MediaTek86.vue.FrmPersonnel.btnAjoutPersonnel_Click(System.Object,System.EventArgs)] Missing &lt;param name=&quot;e&quot;/&gt; documentation [C:\Users\carlf\OneDrive\Documents\00 CNED PDF\Atelier 2\Sandcastle Technical Docs\Help\Working\BuildTopics.proj]
BuildAssembler : warning : ShowMissingComponent: [F:MediaTek86.vue.FrmPersonnel.btnModifPersonnel] Missing &lt;summary&gt; documentation [C:\Users\carlf\OneDrive\Documents\00 CNED PDF\Atelier 2\Sandcastle Technical Docs\Help\Working\BuildTopics.proj]
BuildAssembler : warning : ShowMissingComponent: [M:MediaTek86.vue.FrmPersonnel.btnModifPersonnel_Click(System.Object,System.EventArgs)] Missing &lt;param name=&quot;sender&quot;/&gt; documentation [C:\Users\carlf\OneDrive\Documents\00 CNED PDF\Atelier 2\Sandcastle Technical Docs\Help\Working\BuildTopics.proj]
BuildAssembler : warning : ShowMissingComponent: [M:MediaTek86.vue.FrmPersonnel.btnModifPersonnel_Click(System.Object,System.EventArgs)] Missing &lt;param name=&quot;e&quot;/&gt; documentation [C:\Users\carlf\OneDrive\Documents\00 CNED PDF\Atelier 2\Sandcastle Technical Docs\Help\Working\BuildTopics.proj]
BuildAssembler : warning : ShowMissingComponent: [F:MediaTek86.vue.FrmPersonnel.btnSuppPersonnel] Missing &lt;summary&gt; documentation [C:\Users\carlf\OneDrive\Documents\00 CNED PDF\Atelier 2\Sandcastle Technical Docs\Help\Working\BuildTopics.proj]
BuildAssembler : warning : ShowMissingComponent: [M:MediaTek86.vue.FrmPersonnel.btnSuppPersonnel_Click(System.Object,System.EventArgs)] Missing &lt;param name=&quot;sender&quot;/&gt; documentation [C:\Users\carlf\OneDrive\Documents\00 CNED PDF\Atelier 2\Sandcastle Technical Docs\Help\Working\BuildTopics.proj]
BuildAssembler : warning : ShowMissingComponent: [M:MediaTek86.vue.FrmPersonnel.btnSuppPersonnel_Click(System.Object,System.EventArgs)] Missing &lt;param name=&quot;e&quot;/&gt; documentation [C:\Users\carlf\OneDrive\Documents\00 CNED PDF\Atelier 2\Sandcastle Technical Docs\Help\Working\BuildTopics.proj]
BuildAssembler : warning : ShowMissingComponent: [F:MediaTek86.vue.FrmPersonnel.dgvPersonnel] Missing &lt;summary&gt; documentation [C:\Users\carlf\OneDrive\Documents\00 CNED PDF\Atelier 2\Sandcastle Technical Docs\Help\Working\BuildTopics.proj]
  Processed 256 topic(s)
  152 warning(s)
  CopyFromIndexComponent: &quot;reflection&quot; in-memory cache entries used: 5 of 15.
  CopyFromIndexComponent: &quot;comments&quot; in-memory cache entries used: 4 of 30.
Done Building Project &quot;C:\Users\carlf\OneDrive\Documents\00 CNED PDF\Atelier 2\Sandcastle Technical Docs\Help\Working\BuildTopics.proj&quot; (default targets).
    Last step completed in 00:00:10,9248
</buildStep>
<buildStep step="CombiningIntermediateTocFiles">
Combining conceptual and API intermediate TOC files...
    Last step completed in 00:00:00,0030
</buildStep>
<buildStep step="ExtractingHtmlInfo">
Extracting HTML info for HTML Help 1 and/or website...
[C:\Program Files (x86)\Microsoft Visual Studio\2017\BuildTools\MSBuild\15.0\Bin\MSBuild.exe - ExtractHtmlInfo.proj]
Sandcastle Help File Builder and Tools, version 2020.3.6.0
Copyright &#184; 2006-2020, Eric Woodruff, All Rights Reserved
E-Mail: Eric@EWoodruff.us

Using LCID &#39;1033&#39;, code page &#39;65001&#39;, encoding charset &#39;UTF-8&#39;.

Processing website files in C:\Users\carlf\OneDrive\Documents\00 CNED PDF\Atelier 2\Sandcastle Technical Docs\Help\Working\Output\Website
Processed 256 HTML files
Sorting keywords and generating See Also indices
Saving website keyword index to C:\Users\carlf\OneDrive\Documents\00 CNED PDF\Atelier 2\Sandcastle Technical Docs\Help\Working\WebKI.xml
Saving website table of contents to C:\Users\carlf\OneDrive\Documents\00 CNED PDF\Atelier 2\Sandcastle Technical Docs\Help\Working\WebTOC.xml
    Last step completed in 00:00:00,6286
</buildStep>
<buildStep step="CopyStandardHelpContent">
Copying standard help content...
C:\Program Files (x86)\EWSoftware\Sandcastle Help File Builder\PresentationStyles\VS2013\icons\AlertCaution.png -&gt; C:\Users\carlf\OneDrive\Documents\00 CNED PDF\Atelier 2\Sandcastle Technical Docs\Help\Working\Output\Website\icons\AlertCaution.png
C:\Program Files (x86)\EWSoftware\Sandcastle Help File Builder\PresentationStyles\VS2013\icons\AlertNote.png -&gt; C:\Users\carlf\OneDrive\Documents\00 CNED PDF\Atelier 2\Sandcastle Technical Docs\Help\Working\Output\Website\icons\AlertNote.png
C:\Program Files (x86)\EWSoftware\Sandcastle Help File Builder\PresentationStyles\VS2013\icons\AlertSecurity.png -&gt; C:\Users\carlf\OneDrive\Documents\00 CNED PDF\Atelier 2\Sandcastle Technical Docs\Help\Working\Output\Website\icons\AlertSecurity.png
C:\Program Files (x86)\EWSoftware\Sandcastle Help File Builder\PresentationStyles\VS2013\icons\CFW.gif -&gt; C:\Users\carlf\OneDrive\Documents\00 CNED PDF\Atelier 2\Sandcastle Technical Docs\Help\Working\Output\Website\icons\CFW.gif
C:\Program Files (x86)\EWSoftware\Sandcastle Help File Builder\PresentationStyles\VS2013\icons\CodeExample.png -&gt; C:\Users\carlf\OneDrive\Documents\00 CNED PDF\Atelier 2\Sandcastle Technical Docs\Help\Working\Output\Website\icons\CodeExample.png
C:\Program Files (x86)\EWSoftware\Sandcastle Help File Builder\PresentationStyles\VS2013\icons\favicon.ico -&gt; C:\Users\carlf\OneDrive\Documents\00 CNED PDF\Atelier 2\Sandcastle Technical Docs\Help\Working\Output\Website\icons\favicon.ico
C:\Program Files (x86)\EWSoftware\Sandcastle Help File Builder\PresentationStyles\VS2013\icons\privclass.gif -&gt; C:\Users\carlf\OneDrive\Documents\00 CNED PDF\Atelier 2\Sandcastle Technical Docs\Help\Working\Output\Website\icons\privclass.gif
C:\Program Files (x86)\EWSoftware\Sandcastle Help File Builder\PresentationStyles\VS2013\icons\privdelegate.gif -&gt; C:\Users\carlf\OneDrive\Documents\00 CNED PDF\Atelier 2\Sandcastle Technical Docs\Help\Working\Output\Website\icons\privdelegate.gif
C:\Program Files (x86)\EWSoftware\Sandcastle Help File Builder\PresentationStyles\VS2013\icons\privenumeration.gif -&gt; C:\Users\carlf\OneDrive\Documents\00 CNED PDF\Atelier 2\Sandcastle Technical Docs\Help\Working\Output\Website\icons\privenumeration.gif
C:\Program Files (x86)\EWSoftware\Sandcastle Help File Builder\PresentationStyles\VS2013\icons\privevent.gif -&gt; C:\Users\carlf\OneDrive\Documents\00 CNED PDF\Atelier 2\Sandcastle Technical Docs\Help\Working\Output\Website\icons\privevent.gif
C:\Program Files (x86)\EWSoftware\Sandcastle Help File Builder\PresentationStyles\VS2013\icons\privextension.gif -&gt; C:\Users\carlf\OneDrive\Documents\00 CNED PDF\Atelier 2\Sandcastle Technical Docs\Help\Working\Output\Website\icons\privextension.gif
C:\Program Files (x86)\EWSoftware\Sandcastle Help File Builder\PresentationStyles\VS2013\icons\privfield.gif -&gt; C:\Users\carlf\OneDrive\Documents\00 CNED PDF\Atelier 2\Sandcastle Technical Docs\Help\Working\Output\Website\icons\privfield.gif
C:\Program Files (x86)\EWSoftware\Sandcastle Help File Builder\PresentationStyles\VS2013\icons\privinterface.gif -&gt; C:\Users\carlf\OneDrive\Documents\00 CNED PDF\Atelier 2\Sandcastle Technical Docs\Help\Working\Output\Website\icons\privinterface.gif
C:\Program Files (x86)\EWSoftware\Sandcastle Help File Builder\PresentationStyles\VS2013\icons\privmethod.gif -&gt; C:\Users\carlf\OneDrive\Documents\00 CNED PDF\Atelier 2\Sandcastle Technical Docs\Help\Working\Output\Website\icons\privmethod.gif
C:\Program Files (x86)\EWSoftware\Sandcastle Help File Builder\PresentationStyles\VS2013\icons\privproperty.gif -&gt; C:\Users\carlf\OneDrive\Documents\00 CNED PDF\Atelier 2\Sandcastle Technical Docs\Help\Working\Output\Website\icons\privproperty.gif
C:\Program Files (x86)\EWSoftware\Sandcastle Help File Builder\PresentationStyles\VS2013\icons\privstructure.gif -&gt; C:\Users\carlf\OneDrive\Documents\00 CNED PDF\Atelier 2\Sandcastle Technical Docs\Help\Working\Output\Website\icons\privstructure.gif
C:\Program Files (x86)\EWSoftware\Sandcastle Help File Builder\PresentationStyles\VS2013\icons\protclass.gif -&gt; C:\Users\carlf\OneDrive\Documents\00 CNED PDF\Atelier 2\Sandcastle Technical Docs\Help\Working\Output\Website\icons\protclass.gif
C:\Program Files (x86)\EWSoftware\Sandcastle Help File Builder\PresentationStyles\VS2013\icons\protdelegate.gif -&gt; C:\Users\carlf\OneDrive\Documents\00 CNED PDF\Atelier 2\Sandcastle Technical Docs\Help\Working\Output\Website\icons\protdelegate.gif
C:\Program Files (x86)\EWSoftware\Sandcastle Help File Builder\PresentationStyles\VS2013\icons\protenumeration.gif -&gt; C:\Users\carlf\OneDrive\Documents\00 CNED PDF\Atelier 2\Sandcastle Technical Docs\Help\Working\Output\Website\icons\protenumeration.gif
C:\Program Files (x86)\EWSoftware\Sandcastle Help File Builder\PresentationStyles\VS2013\icons\protevent.gif -&gt; C:\Users\carlf\OneDrive\Documents\00 CNED PDF\Atelier 2\Sandcastle Technical Docs\Help\Working\Output\Website\icons\protevent.gif
C:\Program Files (x86)\EWSoftware\Sandcastle Help File Builder\PresentationStyles\VS2013\icons\protextension.gif -&gt; C:\Users\carlf\OneDrive\Documents\00 CNED PDF\Atelier 2\Sandcastle Technical Docs\Help\Working\Output\Website\icons\protextension.gif
C:\Program Files (x86)\EWSoftware\Sandcastle Help File Builder\PresentationStyles\VS2013\icons\protfield.gif -&gt; C:\Users\carlf\OneDrive\Documents\00 CNED PDF\Atelier 2\Sandcastle Technical Docs\Help\Working\Output\Website\icons\protfield.gif
C:\Program Files (x86)\EWSoftware\Sandcastle Help File Builder\PresentationStyles\VS2013\icons\protinterface.gif -&gt; C:\Users\carlf\OneDrive\Documents\00 CNED PDF\Atelier 2\Sandcastle Technical Docs\Help\Working\Output\Website\icons\protinterface.gif
C:\Program Files (x86)\EWSoftware\Sandcastle Help File Builder\PresentationStyles\VS2013\icons\protmethod.gif -&gt; C:\Users\carlf\OneDrive\Documents\00 CNED PDF\Atelier 2\Sandcastle Technical Docs\Help\Working\Output\Website\icons\protmethod.gif
C:\Program Files (x86)\EWSoftware\Sandcastle Help File Builder\PresentationStyles\VS2013\icons\protoperator.gif -&gt; C:\Users\carlf\OneDrive\Documents\00 CNED PDF\Atelier 2\Sandcastle Technical Docs\Help\Working\Output\Website\icons\protoperator.gif
C:\Program Files (x86)\EWSoftware\Sandcastle Help File Builder\PresentationStyles\VS2013\icons\protproperty.gif -&gt; C:\Users\carlf\OneDrive\Documents\00 CNED PDF\Atelier 2\Sandcastle Technical Docs\Help\Working\Output\Website\icons\protproperty.gif
C:\Program Files (x86)\EWSoftware\Sandcastle Help File Builder\PresentationStyles\VS2013\icons\protstructure.gif -&gt; C:\Users\carlf\OneDrive\Documents\00 CNED PDF\Atelier 2\Sandcastle Technical Docs\Help\Working\Output\Website\icons\protstructure.gif
C:\Program Files (x86)\EWSoftware\Sandcastle Help File Builder\PresentationStyles\VS2013\icons\pubclass.gif -&gt; C:\Users\carlf\OneDrive\Documents\00 CNED PDF\Atelier 2\Sandcastle Technical Docs\Help\Working\Output\Website\icons\pubclass.gif
C:\Program Files (x86)\EWSoftware\Sandcastle Help File Builder\PresentationStyles\VS2013\icons\pubdelegate.gif -&gt; C:\Users\carlf\OneDrive\Documents\00 CNED PDF\Atelier 2\Sandcastle Technical Docs\Help\Working\Output\Website\icons\pubdelegate.gif
C:\Program Files (x86)\EWSoftware\Sandcastle Help File Builder\PresentationStyles\VS2013\icons\pubenumeration.gif -&gt; C:\Users\carlf\OneDrive\Documents\00 CNED PDF\Atelier 2\Sandcastle Technical Docs\Help\Working\Output\Website\icons\pubenumeration.gif
C:\Program Files (x86)\EWSoftware\Sandcastle Help File Builder\PresentationStyles\VS2013\icons\pubevent.gif -&gt; C:\Users\carlf\OneDrive\Documents\00 CNED PDF\Atelier 2\Sandcastle Technical Docs\Help\Working\Output\Website\icons\pubevent.gif
C:\Program Files (x86)\EWSoftware\Sandcastle Help File Builder\PresentationStyles\VS2013\icons\pubextension.gif -&gt; C:\Users\carlf\OneDrive\Documents\00 CNED PDF\Atelier 2\Sandcastle Technical Docs\Help\Working\Output\Website\icons\pubextension.gif
C:\Program Files (x86)\EWSoftware\Sandcastle Help File Builder\PresentationStyles\VS2013\icons\pubfield.gif -&gt; C:\Users\carlf\OneDrive\Documents\00 CNED PDF\Atelier 2\Sandcastle Technical Docs\Help\Working\Output\Website\icons\pubfield.gif
C:\Program Files (x86)\EWSoftware\Sandcastle Help File Builder\PresentationStyles\VS2013\icons\pubinterface.gif -&gt; C:\Users\carlf\OneDrive\Documents\00 CNED PDF\Atelier 2\Sandcastle Technical Docs\Help\Working\Output\Website\icons\pubinterface.gif
C:\Program Files (x86)\EWSoftware\Sandcastle Help File Builder\PresentationStyles\VS2013\icons\pubmethod.gif -&gt; C:\Users\carlf\OneDrive\Documents\00 CNED PDF\Atelier 2\Sandcastle Technical Docs\Help\Working\Output\Website\icons\pubmethod.gif
C:\Program Files (x86)\EWSoftware\Sandcastle Help File Builder\PresentationStyles\VS2013\icons\puboperator.gif -&gt; C:\Users\carlf\OneDrive\Documents\00 CNED PDF\Atelier 2\Sandcastle Technical Docs\Help\Working\Output\Website\icons\puboperator.gif
C:\Program Files (x86)\EWSoftware\Sandcastle Help File Builder\PresentationStyles\VS2013\icons\pubproperty.gif -&gt; C:\Users\carlf\OneDrive\Documents\00 CNED PDF\Atelier 2\Sandcastle Technical Docs\Help\Working\Output\Website\icons\pubproperty.gif
C:\Program Files (x86)\EWSoftware\Sandcastle Help File Builder\PresentationStyles\VS2013\icons\pubstructure.gif -&gt; C:\Users\carlf\OneDrive\Documents\00 CNED PDF\Atelier 2\Sandcastle Technical Docs\Help\Working\Output\Website\icons\pubstructure.gif
C:\Program Files (x86)\EWSoftware\Sandcastle Help File Builder\PresentationStyles\VS2013\icons\SectionCollapsed.png -&gt; C:\Users\carlf\OneDrive\Documents\00 CNED PDF\Atelier 2\Sandcastle Technical Docs\Help\Working\Output\Website\icons\SectionCollapsed.png
C:\Program Files (x86)\EWSoftware\Sandcastle Help File Builder\PresentationStyles\VS2013\icons\SectionExpanded.png -&gt; C:\Users\carlf\OneDrive\Documents\00 CNED PDF\Atelier 2\Sandcastle Technical Docs\Help\Working\Output\Website\icons\SectionExpanded.png
C:\Program Files (x86)\EWSoftware\Sandcastle Help File Builder\PresentationStyles\VS2013\icons\slMobile.gif -&gt; C:\Users\carlf\OneDrive\Documents\00 CNED PDF\Atelier 2\Sandcastle Technical Docs\Help\Working\Output\Website\icons\slMobile.gif
C:\Program Files (x86)\EWSoftware\Sandcastle Help File Builder\PresentationStyles\VS2013\icons\static.gif -&gt; C:\Users\carlf\OneDrive\Documents\00 CNED PDF\Atelier 2\Sandcastle Technical Docs\Help\Working\Output\Website\icons\static.gif
C:\Program Files (x86)\EWSoftware\Sandcastle Help File Builder\PresentationStyles\VS2013\icons\xna.gif -&gt; C:\Users\carlf\OneDrive\Documents\00 CNED PDF\Atelier 2\Sandcastle Technical Docs\Help\Working\Output\Website\icons\xna.gif
C:\Program Files (x86)\EWSoftware\Sandcastle Help File Builder\PresentationStyles\VS2013\scripts\branding.js -&gt; C:\Users\carlf\OneDrive\Documents\00 CNED PDF\Atelier 2\Sandcastle Technical Docs\Help\Working\Output\Website\scripts\branding.js
C:\Program Files (x86)\EWSoftware\Sandcastle Help File Builder\PresentationStyles\VS2013\styles\branding-cs-CZ.css -&gt; C:\Users\carlf\OneDrive\Documents\00 CNED PDF\Atelier 2\Sandcastle Technical Docs\Help\Working\Output\Website\styles\branding-cs-CZ.css
C:\Program Files (x86)\EWSoftware\Sandcastle Help File Builder\PresentationStyles\VS2013\styles\branding-de-DE.css -&gt; C:\Users\carlf\OneDrive\Documents\00 CNED PDF\Atelier 2\Sandcastle Technical Docs\Help\Working\Output\Website\styles\branding-de-DE.css
C:\Program Files (x86)\EWSoftware\Sandcastle Help File Builder\PresentationStyles\VS2013\styles\branding-en-US.css -&gt; C:\Users\carlf\OneDrive\Documents\00 CNED PDF\Atelier 2\Sandcastle Technical Docs\Help\Working\Output\Website\styles\branding-en-US.css
C:\Program Files (x86)\EWSoftware\Sandcastle Help File Builder\PresentationStyles\VS2013\styles\branding-es-ES.css -&gt; C:\Users\carlf\OneDrive\Documents\00 CNED PDF\Atelier 2\Sandcastle Technical Docs\Help\Working\Output\Website\styles\branding-es-ES.css
C:\Program Files (x86)\EWSoftware\Sandcastle Help File Builder\PresentationStyles\VS2013\styles\branding-fr-FR.css -&gt; C:\Users\carlf\OneDrive\Documents\00 CNED PDF\Atelier 2\Sandcastle Technical Docs\Help\Working\Output\Website\styles\branding-fr-FR.css
C:\Program Files (x86)\EWSoftware\Sandcastle Help File Builder\PresentationStyles\VS2013\styles\branding-Help1.css -&gt; C:\Users\carlf\OneDrive\Documents\00 CNED PDF\Atelier 2\Sandcastle Technical Docs\Help\Working\Output\Website\styles\branding-Help1.css
C:\Program Files (x86)\EWSoftware\Sandcastle Help File Builder\PresentationStyles\VS2013\styles\branding-HelpViewer.css -&gt; C:\Users\carlf\OneDrive\Documents\00 CNED PDF\Atelier 2\Sandcastle Technical Docs\Help\Working\Output\Website\styles\branding-HelpViewer.css
C:\Program Files (x86)\EWSoftware\Sandcastle Help File Builder\PresentationStyles\VS2013\styles\branding-it-IT.css -&gt; C:\Users\carlf\OneDrive\Documents\00 CNED PDF\Atelier 2\Sandcastle Technical Docs\Help\Working\Output\Website\styles\branding-it-IT.css
C:\Program Files (x86)\EWSoftware\Sandcastle Help File Builder\PresentationStyles\VS2013\styles\branding-ja-JP.css -&gt; C:\Users\carlf\OneDrive\Documents\00 CNED PDF\Atelier 2\Sandcastle Technical Docs\Help\Working\Output\Website\styles\branding-ja-JP.css
C:\Program Files (x86)\EWSoftware\Sandcastle Help File Builder\PresentationStyles\VS2013\styles\branding-ko-KR.css -&gt; C:\Users\carlf\OneDrive\Documents\00 CNED PDF\Atelier 2\Sandcastle Technical Docs\Help\Working\Output\Website\styles\branding-ko-KR.css
C:\Program Files (x86)\EWSoftware\Sandcastle Help File Builder\PresentationStyles\VS2013\styles\branding-pl-PL.css -&gt; C:\Users\carlf\OneDrive\Documents\00 CNED PDF\Atelier 2\Sandcastle Technical Docs\Help\Working\Output\Website\styles\branding-pl-PL.css
C:\Program Files (x86)\EWSoftware\Sandcastle Help File Builder\PresentationStyles\VS2013\styles\branding-pt-BR.css -&gt; C:\Users\carlf\OneDrive\Documents\00 CNED PDF\Atelier 2\Sandcastle Technical Docs\Help\Working\Output\Website\styles\branding-pt-BR.css
C:\Program Files (x86)\EWSoftware\Sandcastle Help File Builder\PresentationStyles\VS2013\styles\branding-ru-RU.css -&gt; C:\Users\carlf\OneDrive\Documents\00 CNED PDF\Atelier 2\Sandcastle Technical Docs\Help\Working\Output\Website\styles\branding-ru-RU.css
C:\Program Files (x86)\EWSoftware\Sandcastle Help File Builder\PresentationStyles\VS2013\styles\branding-tr-TR.css -&gt; C:\Users\carlf\OneDrive\Documents\00 CNED PDF\Atelier 2\Sandcastle Technical Docs\Help\Working\Output\Website\styles\branding-tr-TR.css
C:\Program Files (x86)\EWSoftware\Sandcastle Help File Builder\PresentationStyles\VS2013\styles\branding-Website.css -&gt; C:\Users\carlf\OneDrive\Documents\00 CNED PDF\Atelier 2\Sandcastle Technical Docs\Help\Working\Output\Website\styles\branding-Website.css
C:\Program Files (x86)\EWSoftware\Sandcastle Help File Builder\PresentationStyles\VS2013\styles\branding-zh-CN.css -&gt; C:\Users\carlf\OneDrive\Documents\00 CNED PDF\Atelier 2\Sandcastle Technical Docs\Help\Working\Output\Website\styles\branding-zh-CN.css
C:\Program Files (x86)\EWSoftware\Sandcastle Help File Builder\PresentationStyles\VS2013\styles\branding-zh-TW.css -&gt; C:\Users\carlf\OneDrive\Documents\00 CNED PDF\Atelier 2\Sandcastle Technical Docs\Help\Working\Output\Website\styles\branding-zh-TW.css
C:\Program Files (x86)\EWSoftware\Sandcastle Help File Builder\PresentationStyles\VS2013\styles\branding.css -&gt; C:\Users\carlf\OneDrive\Documents\00 CNED PDF\Atelier 2\Sandcastle Technical Docs\Help\Working\Output\Website\styles\branding.css
C:\Program Files (x86)\EWSoftware\Sandcastle Help File Builder\PresentationStyles\VS2013\Web\index.html -&gt; C:\Users\carlf\OneDrive\Documents\00 CNED PDF\Atelier 2\Sandcastle Technical Docs\Help\Working\Output\Website\index.html
C:\Program Files (x86)\EWSoftware\Sandcastle Help File Builder\PresentationStyles\VS2013\Web\search.html -&gt; C:\Users\carlf\OneDrive\Documents\00 CNED PDF\Atelier 2\Sandcastle Technical Docs\Help\Working\Output\Website\search.html
C:\Program Files (x86)\EWSoftware\Sandcastle Help File Builder\PresentationStyles\VS2013\Web\SearchHelp.aspx -&gt; C:\Users\carlf\OneDrive\Documents\00 CNED PDF\Atelier 2\Sandcastle Technical Docs\Help\Working\Output\Website\SearchHelp.aspx
C:\Program Files (x86)\EWSoftware\Sandcastle Help File Builder\PresentationStyles\VS2013\Web\SearchHelp.inc.php -&gt; C:\Users\carlf\OneDrive\Documents\00 CNED PDF\Atelier 2\Sandcastle Technical Docs\Help\Working\Output\Website\SearchHelp.inc.php
C:\Program Files (x86)\EWSoftware\Sandcastle Help File Builder\PresentationStyles\VS2013\Web\SearchHelp.php -&gt; C:\Users\carlf\OneDrive\Documents\00 CNED PDF\Atelier 2\Sandcastle Technical Docs\Help\Working\Output\Website\SearchHelp.php
C:\Program Files (x86)\EWSoftware\Sandcastle Help File Builder\PresentationStyles\VS2013\Web\Web.Config -&gt; C:\Users\carlf\OneDrive\Documents\00 CNED PDF\Atelier 2\Sandcastle Technical Docs\Help\Working\Output\Website\Web.Config
C:\Program Files (x86)\EWSoftware\Sandcastle Help File Builder\PresentationStyles\VS2013\Web\html\GeneralError.htm -&gt; C:\Users\carlf\OneDrive\Documents\00 CNED PDF\Atelier 2\Sandcastle Technical Docs\Help\Working\Output\Website\html\GeneralError.htm
C:\Program Files (x86)\EWSoftware\Sandcastle Help File Builder\PresentationStyles\VS2013\Web\html\PageNotFound.htm -&gt; C:\Users\carlf\OneDrive\Documents\00 CNED PDF\Atelier 2\Sandcastle Technical Docs\Help\Working\Output\Website\html\PageNotFound.htm
C:\Program Files (x86)\EWSoftware\Sandcastle Help File Builder\PresentationStyles\VS2013\Web\icons\Search.png -&gt; C:\Users\carlf\OneDrive\Documents\00 CNED PDF\Atelier 2\Sandcastle Technical Docs\Help\Working\Output\Website\icons\Search.png
C:\Program Files (x86)\EWSoftware\Sandcastle Help File Builder\PresentationStyles\VS2013\Web\icons\TocClose.gif -&gt; C:\Users\carlf\OneDrive\Documents\00 CNED PDF\Atelier 2\Sandcastle Technical Docs\Help\Working\Output\Website\icons\TocClose.gif
C:\Program Files (x86)\EWSoftware\Sandcastle Help File Builder\PresentationStyles\VS2013\Web\icons\TocCollapsed.gif -&gt; C:\Users\carlf\OneDrive\Documents\00 CNED PDF\Atelier 2\Sandcastle Technical Docs\Help\Working\Output\Website\icons\TocCollapsed.gif
C:\Program Files (x86)\EWSoftware\Sandcastle Help File Builder\PresentationStyles\VS2013\Web\icons\TocExpanded.gif -&gt; C:\Users\carlf\OneDrive\Documents\00 CNED PDF\Atelier 2\Sandcastle Technical Docs\Help\Working\Output\Website\icons\TocExpanded.gif
C:\Program Files (x86)\EWSoftware\Sandcastle Help File Builder\PresentationStyles\VS2013\Web\icons\TocOpen.gif -&gt; C:\Users\carlf\OneDrive\Documents\00 CNED PDF\Atelier 2\Sandcastle Technical Docs\Help\Working\Output\Website\icons\TocOpen.gif
C:\Program Files (x86)\EWSoftware\Sandcastle Help File Builder\PresentationStyles\VS2013\Web\scripts\branding-Website.js -&gt; C:\Users\carlf\OneDrive\Documents\00 CNED PDF\Atelier 2\Sandcastle Technical Docs\Help\Working\Output\Website\scripts\branding-Website.js
C:\Program Files (x86)\EWSoftware\Sandcastle Help File Builder\PresentationStyles\VS2013\Web\scripts\clipboard.min.js -&gt; C:\Users\carlf\OneDrive\Documents\00 CNED PDF\Atelier 2\Sandcastle Technical Docs\Help\Working\Output\Website\scripts\clipboard.min.js
C:\Program Files (x86)\EWSoftware\Sandcastle Help File Builder\PresentationStyles\VS2013\Web\scripts\jquery-3.3.1.min.js -&gt; C:\Users\carlf\OneDrive\Documents\00 CNED PDF\Atelier 2\Sandcastle Technical Docs\Help\Working\Output\Website\scripts\jquery-3.3.1.min.js
    Last step completed in 00:00:00,1730
</buildStep>
<buildStep step="GenerateHelpFormatTableOfContents">
Generating website table of contents file...
    Last step completed in 00:00:00,0010
</buildStep>
<buildStep step="GenerateFullTextIndex">
Generating full-text index for the website...

<plugIn name="Lightweight Website Style" behavior="After" priority="1000">
Adding lightweight search and TOC elements to each topic...
</plugIn>    Last step completed in 00:00:01,6064
</buildStep>
<buildStep step="CopyingWebsiteFiles">
Copying website files to output folder...

Copied 418 files for the website content
    Last step completed in 00:00:03,3853
</buildStep>
<buildStep step="CleanIntermediates">
Removing intermediate files...
    Last step completed in 00:00:00,0469
</buildStep>
<buildStep step="Completed">

Build completed successfully at 03/04/2021 16:10:03.  Total time: 00:00:22,8108

</buildStep>
</shfbBuild>
